TN:
SF:src/anatomy-visualizer.js
FN:13,initialize
FN:22,(anonymous_1)
FN:69,(anonymous_2)
FNF:3
FNH:0
FNDA:0,initialize
FNDA:0,(anonymous_1)
FNDA:0,(anonymous_2)
DA:14,0
DA:16,0
DA:18,0
DA:23,0
DA:25,0
DA:28,0
DA:29,0
DA:32,0
DA:35,0
DA:40,0
DA:41,0
DA:42,0
DA:46,0
DA:51,0
DA:52,0
DA:64,0
DA:67,0
DA:68,0
DA:69,0
DA:70,0
DA:74,0
DA:77,0
DA:82,0
DA:90,0
DA:91,0
DA:93,0
LF:26
LH:0
BRDA:68,0,0,0
BRDA:68,0,1,0
BRDA:90,1,0,0
BRDA:90,1,1,0
BRF:4
BRH:0
end_of_record
TN:
SF:src/main.js
FN:40,loadStartWorld
FN:61,bootstrapApp
FN:71,(anonymous_2)
FN:82,(anonymous_3)
FN:109,(anonymous_4)
FN:181,(anonymous_5)
FN:198,(anonymous_6)
FN:199,(anonymous_7)
FN:200,(anonymous_8)
FN:203,(anonymous_9)
FN:217,beginGame
FN:235,(anonymous_11)
FN:236,(anonymous_12)
FN:237,(anonymous_13)
FN:240,(anonymous_14)
FN:270,(anonymous_15)
FN:271,(anonymous_16)
FN:272,(anonymous_17)
FN:275,(anonymous_18)
FNF:19
FNH:0
FNDA:0,loadStartWorld
FNDA:0,bootstrapApp
FNDA:0,(anonymous_2)
FNDA:0,(anonymous_3)
FNDA:0,(anonymous_4)
FNDA:0,(anonymous_5)
FNDA:0,(anonymous_6)
FNDA:0,(anonymous_7)
FNDA:0,(anonymous_8)
FNDA:0,(anonymous_9)
FNDA:0,beginGame
FNDA:0,(anonymous_11)
FNDA:0,(anonymous_12)
FNDA:0,(anonymous_13)
FNDA:0,(anonymous_14)
FNDA:0,(anonymous_15)
FNDA:0,(anonymous_16)
FNDA:0,(anonymous_17)
FNDA:0,(anonymous_18)
DA:30,0
DA:32,0
DA:34,0
DA:41,0
DA:42,0
DA:43,0
DA:44,0
DA:48,0
DA:49,0
DA:51,0
DA:53,0
DA:62,0
DA:64,0
DA:66,0
DA:69,0
DA:70,0
DA:71,0
DA:73,0
DA:74,0
DA:77,0
DA:78,0
DA:82,0
DA:86,0
DA:87,0
DA:90,0
DA:91,0
DA:92,0
DA:93,0
DA:94,0
DA:99,0
DA:100,0
DA:101,0
DA:102,0
DA:103,0
DA:106,0
DA:107,0
DA:108,0
DA:109,0
DA:111,0
DA:112,0
DA:113,0
DA:116,0
DA:117,0
DA:118,0
DA:124,0
DA:125,0
DA:128,0
DA:129,0
DA:130,0
DA:135,0
DA:137,0
DA:140,0
DA:141,0
DA:143,0
DA:148,0
DA:150,0
DA:152,0
DA:156,0
DA:166,0
DA:174,0
DA:175,0
DA:180,0
DA:181,0
DA:182,0
DA:186,0
DA:198,0
DA:199,0
DA:201,0
DA:204,0
DA:218,0
DA:220,0
DA:222,0
DA:223,0
DA:224,0
DA:225,0
DA:235,0
DA:236,0
DA:238,0
DA:241,0
DA:246,0
DA:249,0
DA:251,0
DA:252,0
DA:254,0
DA:255,0
DA:256,0
DA:257,0
DA:260,0
DA:270,0
DA:271,0
DA:273,0
DA:276,0
DA:281,0
DA:285,0
DA:286,0
LF:95
LH:0
BRDA:43,0,0,0
BRDA:43,0,1,0
BRDA:49,1,0,0
BRDA:49,1,1,0
BRDA:73,2,0,0
BRDA:73,2,1,0
BRDA:86,3,0,0
BRDA:86,3,1,0
BRDA:92,4,0,0
BRDA:92,4,1,0
BRDA:102,5,0,0
BRDA:102,5,1,0
BRDA:111,6,0,0
BRDA:111,6,1,0
BRDA:124,7,0,0
BRDA:124,7,1,0
BRDA:135,8,0,0
BRDA:135,8,1,0
BRDA:148,9,0,0
BRDA:148,9,1,0
BRDA:156,10,0,0
BRDA:156,10,1,0
BRDA:156,10,2,0
BRDA:158,11,0,0
BRDA:158,11,1,0
BRDA:158,12,0,0
BRDA:158,12,1,0
BRDA:158,12,2,0
BRDA:160,13,0,0
BRDA:160,13,1,0
BRDA:160,14,0,0
BRDA:160,14,1,0
BRDA:162,15,0,0
BRDA:162,15,1,0
BRDA:171,16,0,0
BRDA:171,16,1,0
BRDA:174,17,0,0
BRDA:174,17,1,0
BRDA:180,18,0,0
BRDA:180,18,1,0
BRDA:187,19,0,0
BRDA:187,19,1,0
BRDA:217,20,0,0
BRDA:220,21,0,0
BRDA:220,21,1,0
BRDA:224,22,0,0
BRDA:224,22,1,0
BRDA:251,23,0,0
BRDA:251,23,1,0
BRDA:255,24,0,0
BRDA:255,24,1,0
BRDA:256,25,0,0
BRDA:256,25,1,0
BRDA:256,26,0,0
BRDA:256,26,1,0
BRF:55
BRH:0
end_of_record
TN:
SF:src/thematic-direction-main.js
FN:25,(anonymous_0)
FN:34,(anonymous_1)
FN:108,(anonymous_2)
FN:347,initializeWhenReady
FN:358,initialize
FNF:5
FNH:0
FNDA:0,(anonymous_0)
FNDA:0,(anonymous_1)
FNDA:0,(anonymous_2)
FNDA:0,initializeWhenReady
FNDA:0,initialize
DA:23,0
DA:26,0
DA:35,0
DA:36,0
DA:37,0
DA:40,0
DA:41,0
DA:46,0
DA:49,0
DA:52,0
DA:59,0
DA:60,0
DA:61,0
DA:66,0
DA:67,0
DA:70,0
DA:71,0
DA:74,0
DA:77,0
DA:78,0
DA:83,0
DA:86,0
DA:88,0
DA:89,0
DA:93,0
DA:94,0
DA:95,0
DA:106,0
DA:108,0
DA:109,0
DA:117,0
DA:129,0
DA:134,0
DA:136,0
DA:139,0
DA:140,0
DA:145,0
DA:148,0
DA:149,0
DA:153,0
DA:154,0
DA:158,0
DA:159,0
DA:163,0
DA:167,0
DA:169,0
DA:170,0
DA:182,0
DA:184,0
DA:212,0
DA:241,0
DA:245,0
DA:251,0
DA:255,0
DA:260,0
DA:264,0
DA:268,0
DA:279,0
DA:340,0
DA:348,0
DA:349,0
DA:351,0
DA:359,0
DA:360,0
DA:361,0
DA:363,0
DA:369,0
LF:67
LH:0
BRDA:35,0,0,0
BRDA:35,0,1,0
BRDA:139,1,0,0
BRDA:139,1,1,0
BRDA:148,2,0,0
BRDA:148,2,1,0
BRDA:158,3,0,0
BRDA:158,3,1,0
BRDA:348,4,0,0
BRDA:348,4,1,0
BRF:10
BRH:0
end_of_record
TN:
SF:src/actions/actionCandidateProcessor.js
FN:60,(anonymous_0)
FN:89,(anonymous_1)
FN:94,(anonymous_2)
FN:230,(anonymous_3)
FNF:4
FNH:0
FNDA:0,(anonymous_0)
FNDA:0,(anonymous_1)
FNDA:0,(anonymous_2)
FNDA:0,(anonymous_3)
DA:70,0
DA:71,0
DA:72,0
DA:73,0
DA:74,0
DA:75,0
DA:76,0
DA:77,0
DA:91,0
DA:92,0
DA:95,0
DA:106,0
DA:120,0
DA:121,0
DA:124,0
DA:130,0
DA:131,0
DA:132,0
DA:133,0
DA:135,0
DA:136,0
DA:140,0
DA:147,0
DA:151,0
DA:158,0
DA:159,0
DA:163,0
DA:170,0
DA:176,0
DA:183,0
DA:184,0
DA:185,0
DA:186,0
DA:188,0
DA:189,0
DA:193,0
DA:203,0
DA:207,0
DA:214,0
DA:216,0
DA:217,0
DA:220,0
DA:227,0
DA:230,0
DA:234,0
DA:252,0
DA:253,0
DA:256,0
DA:257,0
DA:263,0
DA:265,0
DA:273,0
DA:278,0
DA:293,0
DA:295,0
DA:304,0
DA:306,0
DA:317,0
DA:322,0
DA:333,0
DA:351,0
DA:352,0
DA:353,0
DA:355,0
DA:356,0
DA:357,0
DA:367,0
DA:368,0
DA:376,0
DA:379,0
DA:391,0
DA:393,0
DA:399,0
DA:408,0
DA:410,0
DA:417,0
LF:76
LH:0
BRDA:89,0,0,0
BRDA:91,1,0,0
BRDA:91,1,1,0
BRDA:119,2,0,0
BRDA:130,3,0,0
BRDA:130,3,1,0
BRDA:132,4,0,0
BRDA:132,4,1,0
BRDA:135,5,0,0
BRDA:135,5,1,0
BRDA:135,6,0,0
BRDA:135,6,1,0
BRDA:158,7,0,0
BRDA:158,7,1,0
BRDA:183,8,0,0
BRDA:183,8,1,0
BRDA:185,9,0,0
BRDA:185,9,1,0
BRDA:188,10,0,0
BRDA:188,10,1,0
BRDA:188,11,0,0
BRDA:188,11,1,0
BRDA:216,12,0,0
BRDA:216,12,1,0
BRDA:251,13,0,0
BRDA:252,14,0,0
BRDA:252,14,1,0
BRDA:252,15,0,0
BRDA:252,15,1,0
BRDA:367,16,0,0
BRDA:367,16,1,0
BRDA:372,17,0,0
BRDA:372,17,1,0
BRF:33
BRH:0
end_of_record
TN:
SF:src/actions/actionDiscoveryService.js
FN:46,(anonymous_0)
FN:89,(anonymous_1)
FN:108,(anonymous_2)
FN:116,(anonymous_3)
FNF:4
FNH:0
FNDA:0,(anonymous_0)
FNDA:0,(anonymous_1)
FNDA:0,(anonymous_2)
FNDA:0,(anonymous_3)
DA:54,0
DA:55,0
DA:56,0
DA:68,0
DA:69,0
DA:70,0
DA:71,0
DA:73,0
DA:87,0
DA:88,0
DA:89,0
DA:92,0
DA:96,0
DA:109,0
DA:110,0
DA:113,0
DA:114,0
DA:117,0
DA:132,0
DA:151,0
DA:153,0
DA:155,0
DA:156,0
DA:157,0
DA:160,0
DA:165,0
DA:166,0
DA:167,0
DA:170,0
DA:177,0
DA:183,0
DA:189,0
DA:193,0
LF:33
LH:0
BRDA:52,0,0,0
BRDA:55,1,0,0
BRDA:55,1,1,0
BRDA:88,2,0,0
BRDA:88,2,1,0
BRDA:93,3,0,0
BRDA:93,3,1,0
BRDA:108,4,0,0
BRDA:108,5,0,0
BRDA:109,6,0,0
BRDA:110,7,0,0
BRDA:110,7,1,0
BRDA:113,8,0,0
BRDA:113,8,1,0
BRDA:153,9,0,0
BRDA:153,9,1,0
BRDA:153,10,0,0
BRDA:153,10,1,0
BRDA:160,11,0,0
BRDA:160,11,1,0
BRDA:161,12,0,0
BRDA:161,12,1,0
BRDA:161,12,2,0
BRF:23
BRH:0
end_of_record
TN:
SF:src/actions/actionFormatter.js
FN:39,buildFormatError
FN:49,normalizeFormatResult
FN:63,checkFormatInputs
FN:120,applyTargetFormatter
FN:173,finalizeCommand
FN:196,formatActionCommand
FN:274,(anonymous_6)
FNF:7
FNH:0
FNDA:0,buildFormatError
FNDA:0,normalizeFormatResult
FNDA:0,checkFormatInputs
FNDA:0,applyTargetFormatter
FNDA:0,finalizeCommand
FNDA:0,formatActionCommand
FNDA:0,(anonymous_6)
DA:40,0
DA:50,0
DA:70,0
DA:71,0
DA:73,0
DA:74,0
DA:77,0
DA:78,0
DA:94,0
DA:95,0
DA:97,0
DA:98,0
DA:102,0
DA:129,0
DA:131,0
DA:132,0
DA:133,0
DA:136,0
DA:139,0
DA:140,0
DA:148,0
DA:149,0
DA:150,0
DA:153,0
DA:155,0
DA:161,0
DA:174,0
DA:175,0
DA:177,0
DA:206,0
DA:207,0
DA:208,0
DA:212,0
DA:220,0
DA:223,0
DA:225,0
DA:226,0
DA:234,0
DA:235,0
DA:237,0
DA:238,0
DA:244,0
DA:253,0
DA:254,0
DA:257,0
DA:260,0
DA:281,0
LF:47
LH:0
BRDA:40,0,0,0
BRDA:40,0,1,0
BRDA:50,1,0,0
BRDA:50,1,1,0
BRDA:70,2,0,0
BRDA:70,2,1,0
BRDA:70,3,0,0
BRDA:70,3,1,0
BRDA:73,4,0,0
BRDA:73,4,1,0
BRDA:94,5,0,0
BRDA:94,5,1,0
BRDA:97,6,0,0
BRDA:97,6,1,0
BRDA:132,7,0,0
BRDA:132,7,1,0
BRDA:149,8,0,0
BRDA:149,8,1,0
BRDA:174,9,0,0
BRDA:174,9,1,0
BRDA:200,10,0,0
BRDA:201,11,0,0
BRDA:202,12,0,0
BRDA:203,13,0,0
BRDA:206,14,0,0
BRDA:207,15,0,0
BRDA:207,15,1,0
BRDA:225,16,0,0
BRDA:225,16,1,0
BRDA:237,17,0,0
BRDA:237,17,1,0
BRDA:253,18,0,0
BRDA:253,18,1,0
BRDA:278,19,0,0
BRDA:279,20,0,0
BRF:35
BRH:0
end_of_record
TN:
SF:src/actions/actionIndex.js
FN:44,(anonymous_0)
FN:63,(anonymous_1)
FN:138,(anonymous_2)
FN:193,(anonymous_3)
FN:201,(anonymous_4)
FNF:5
FNH:0
FNDA:0,(anonymous_0)
FNDA:0,(anonymous_1)
FNDA:0,(anonymous_2)
FNDA:0,(anonymous_3)
FNDA:0,(anonymous_4)
DA:21,0
DA:29,0
DA:37,0
DA:45,0
DA:46,0
DA:48,0
DA:49,0
DA:52,0
DA:53,0
DA:54,0
DA:64,0
DA:65,0
DA:68,0
DA:71,0
DA:75,0
DA:76,0
DA:77,0
DA:79,0
DA:80,0
DA:81,0
DA:84,0
DA:87,0
DA:89,0
DA:94,0
DA:95,0
DA:96,0
DA:97,0
DA:99,0
DA:103,0
DA:107,0
DA:109,0
DA:114,0
DA:115,0
DA:116,0
DA:117,0
DA:119,0
DA:125,0
DA:139,0
DA:140,0
DA:143,0
DA:144,0
DA:149,0
DA:150,0
DA:155,0
DA:156,0
DA:157,0
DA:158,0
DA:162,0
DA:163,0
DA:169,0
DA:170,0
DA:172,0
DA:173,0
DA:174,0
DA:178,0
DA:179,0
DA:185,0
DA:186,0
DA:189,0
DA:190,0
DA:193,0
DA:197,0
DA:198,0
DA:201,0
DA:204,0
DA:207,0
LF:66
LH:0
BRDA:45,0,0,0
BRDA:45,0,1,0
BRDA:48,1,0,0
BRDA:48,1,1,0
BRDA:64,2,0,0
BRDA:64,2,1,0
BRDA:80,3,0,0
BRDA:80,3,1,0
BRDA:80,4,0,0
BRDA:80,4,1,0
BRDA:89,5,0,0
BRDA:89,5,1,0
BRDA:90,6,0,0
BRDA:90,6,1,0
BRDA:90,6,2,0
BRDA:95,7,0,0
BRDA:95,7,1,0
BRDA:95,8,0,0
BRDA:95,8,1,0
BRDA:96,9,0,0
BRDA:96,9,1,0
BRDA:109,10,0,0
BRDA:109,10,1,0
BRDA:110,11,0,0
BRDA:110,11,1,0
BRDA:110,11,2,0
BRDA:115,12,0,0
BRDA:115,12,1,0
BRDA:115,13,0,0
BRDA:115,13,1,0
BRDA:116,14,0,0
BRDA:116,14,1,0
BRDA:138,15,0,0
BRDA:140,16,0,0
BRDA:140,16,1,0
BRDA:140,17,0,0
BRDA:140,17,1,0
BRDA:143,18,0,0
BRDA:143,18,1,0
BRDA:145,19,0,0
BRDA:145,19,1,0
BRDA:157,20,0,0
BRDA:157,20,1,0
BRDA:173,21,0,0
BRDA:173,21,1,0
BRDA:189,22,0,0
BRDA:189,22,1,0
BRF:47
BRH:0
end_of_record
TN:
SF:src/actions/actionPipelineOrchestrator.js
FN:53,(anonymous_0)
FN:84,(anonymous_1)
FNF:2
FNH:0
FNDA:0,(anonymous_0)
FNDA:0,(anonymous_1)
DA:64,0
DA:65,0
DA:66,0
DA:67,0
DA:68,0
DA:69,0
DA:70,0
DA:71,0
DA:72,0
DA:85,0
DA:86,0
DA:88,0
DA:95,0
DA:99,0
DA:101,0
DA:106,0
DA:120,0
DA:146,0
LF:18
LH:0
BRDA:84,0,0,0
BRF:1
BRH:0
end_of_record
TN:
SF:src/actions/targetResolutionService.js
FN:34,(anonymous_0)
FN:68,(anonymous_1)
FN:79,(anonymous_2)
FN:158,(anonymous_3)
FN:163,(anonymous_4)
FN:172,(anonymous_5)
FN:173,(anonymous_6)
FNF:7
FNH:0
FNDA:0,(anonymous_0)
FNDA:0,(anonymous_1)
FNDA:0,(anonymous_2)
FNDA:0,(anonymous_3)
FNDA:0,(anonymous_4)
FNDA:0,(anonymous_5)
FNDA:0,(anonymous_6)
DA:35,0
DA:36,0
DA:38,0
DA:47,0
DA:54,0
DA:76,0
DA:77,0
DA:80,0
DA:97,0
DA:124,0
DA:125,0
DA:131,0
DA:140,0
DA:143,0
DA:144,0
DA:148,0
DA:151,0
DA:153,0
DA:154,0
DA:158,0
DA:162,0
DA:163,0
DA:166,0
DA:172,0
DA:173,0
LF:25
LH:0
BRDA:36,0,0,0
BRDA:36,0,1,0
BRDA:72,1,0,0
BRDA:73,2,0,0
BRDA:76,3,0,0
BRDA:76,3,1,0
BRDA:121,4,0,0
BRDA:122,5,0,0
BRDA:143,6,0,0
BRDA:143,6,1,0
BRDA:151,7,0,0
BRDA:151,7,1,0
BRDA:153,8,0,0
BRDA:153,8,1,0
BRF:14
BRH:0
end_of_record
TN:
SF:src/actions/builders/actionDefinitionBuilder.js
FN:54,(anonymous_0)
FN:81,(anonymous_1)
FN:98,(anonymous_2)
FN:122,(anonymous_3)
FN:141,(anonymous_4)
FN:164,(anonymous_5)
FN:191,(anonymous_6)
FN:196,(anonymous_7)
FN:211,(anonymous_8)
FN:244,(anonymous_9)
FN:249,(anonymous_10)
FN:275,(anonymous_11)
FN:293,(anonymous_12)
FN:318,(anonymous_13)
FN:332,(anonymous_14)
FN:352,(anonymous_15)
FN:364,(anonymous_16)
FN:384,(anonymous_17)
FN:398,(anonymous_18)
FN:415,(anonymous_19)
FNF:20
FNH:0
FNDA:0,(anonymous_0)
FNDA:0,(anonymous_1)
FNDA:0,(anonymous_2)
FNDA:0,(anonymous_3)
FNDA:0,(anonymous_4)
FNDA:0,(anonymous_5)
FNDA:0,(anonymous_6)
FNDA:0,(anonymous_7)
FNDA:0,(anonymous_8)
FNDA:0,(anonymous_9)
FNDA:0,(anonymous_10)
FNDA:0,(anonymous_11)
FNDA:0,(anonymous_12)
FNDA:0,(anonymous_13)
FNDA:0,(anonymous_14)
FNDA:0,(anonymous_15)
FNDA:0,(anonymous_16)
FNDA:0,(anonymous_17)
FNDA:0,(anonymous_18)
FNDA:0,(anonymous_19)
DA:55,0
DA:56,0
DA:61,0
DA:69,0
DA:82,0
DA:83,0
DA:85,0
DA:86,0
DA:99,0
DA:104,0
DA:108,0
DA:109,0
DA:123,0
DA:124,0
DA:128,0
DA:129,0
DA:142,0
DA:147,0
DA:151,0
DA:152,0
DA:165,0
DA:170,0
DA:175,0
DA:176,0
DA:177,0
DA:179,0
DA:192,0
DA:193,0
DA:196,0
DA:197,0
DA:212,0
DA:217,0
DA:222,0
DA:223,0
DA:227,0
DA:228,0
DA:245,0
DA:246,0
DA:249,0
DA:250,0
DA:251,0
DA:252,0
DA:258,0
DA:260,0
DA:265,0
DA:276,0
DA:279,0
DA:294,0
DA:299,0
DA:304,0
DA:307,0
DA:308,0
DA:319,0
DA:333,0
DA:353,0
DA:365,0
DA:366,0
DA:367,0
DA:373,0
DA:385,0
DA:399,0
DA:400,0
DA:403,0
DA:405,0
DA:406,0
DA:407,0
DA:408,0
DA:410,0
DA:411,0
DA:414,0
DA:415,0
DA:416,0
DA:417,0
DA:418,0
DA:419,0
DA:427,0
LF:76
LH:0
BRDA:55,0,0,0
BRDA:55,0,1,0
BRDA:55,1,0,0
BRDA:55,1,1,0
BRDA:82,2,0,0
BRDA:82,2,1,0
BRDA:82,3,0,0
BRDA:82,3,1,0
BRDA:82,3,2,0
BRDA:99,4,0,0
BRDA:99,4,1,0
BRDA:100,5,0,0
BRDA:100,5,1,0
BRDA:100,5,2,0
BRDA:123,6,0,0
BRDA:123,6,1,0
BRDA:123,7,0,0
BRDA:123,7,1,0
BRDA:123,7,2,0
BRDA:142,8,0,0
BRDA:142,8,1,0
BRDA:143,9,0,0
BRDA:143,9,1,0
BRDA:143,9,2,0
BRDA:165,10,0,0
BRDA:165,10,1,0
BRDA:166,11,0,0
BRDA:166,11,1,0
BRDA:166,11,2,0
BRDA:176,12,0,0
BRDA:176,12,1,0
BRDA:192,13,0,0
BRDA:192,13,1,0
BRDA:211,14,0,0
BRDA:212,15,0,0
BRDA:212,15,1,0
BRDA:213,16,0,0
BRDA:213,16,1,0
BRDA:213,16,2,0
BRDA:223,17,0,0
BRDA:223,17,1,0
BRDA:245,18,0,0
BRDA:245,18,1,0
BRDA:250,19,0,0
BRDA:250,19,1,0
BRDA:252,20,0,0
BRDA:252,20,1,0
BRDA:253,21,0,0
BRDA:253,21,1,0
BRDA:253,21,2,0
BRDA:253,21,3,0
BRDA:276,22,0,0
BRDA:276,22,1,0
BRDA:293,23,0,0
BRDA:294,24,0,0
BRDA:294,24,1,0
BRDA:295,25,0,0
BRDA:295,25,1,0
BRDA:295,25,2,0
BRDA:304,26,0,0
BRDA:304,26,1,0
BRDA:366,27,0,0
BRDA:366,27,1,0
BRDA:399,28,0,0
BRDA:399,28,1,0
BRDA:399,29,0,0
BRDA:399,29,1,0
BRDA:405,30,0,0
BRDA:405,30,1,0
BRDA:406,31,0,0
BRDA:406,31,1,0
BRDA:407,32,0,0
BRDA:407,32,1,0
BRDA:408,33,0,0
BRDA:408,33,1,0
BRDA:410,34,0,0
BRDA:410,34,1,0
BRDA:414,35,0,0
BRDA:414,35,1,0
BRDA:416,36,0,0
BRDA:416,36,1,0
BRDA:418,37,0,0
BRDA:418,37,1,0
BRF:83
BRH:0
end_of_record
TN:
SF:src/actions/builders/actionDefinitionValidator.js
FN:41,(anonymous_0)
FN:104,(anonymous_1)
FN:121,(anonymous_2)
FNF:3
FNH:0
FNDA:0,(anonymous_0)
FNDA:0,(anonymous_1)
FNDA:0,(anonymous_2)
DA:42,0
DA:45,0
DA:46,0
DA:47,0
DA:54,0
DA:55,0
DA:57,0
DA:58,0
DA:60,0
DA:61,0
DA:63,0
DA:64,0
DA:66,0
DA:67,0
DA:71,0
DA:72,0
DA:78,0
DA:79,0
DA:80,0
DA:87,0
DA:92,0
DA:93,0
DA:100,0
DA:101,0
DA:102,0
DA:104,0
DA:105,0
DA:106,0
DA:107,0
DA:108,0
DA:117,0
DA:118,0
DA:119,0
DA:121,0
DA:122,0
DA:123,0
DA:124,0
DA:128,0
DA:129,0
DA:130,0
DA:131,0
DA:134,0
DA:135,0
DA:140,0
DA:146,0
DA:150,0
DA:155,0
DA:164,0
DA:165,0
DA:169,0
DA:170,0
DA:171,0
DA:175,0
DA:195,0
LF:54
LH:0
BRDA:45,0,0,0
BRDA:45,0,1,0
BRDA:45,1,0,0
BRDA:45,1,1,0
BRDA:54,2,0,0
BRDA:54,2,1,0
BRDA:57,3,0,0
BRDA:57,3,1,0
BRDA:60,4,0,0
BRDA:60,4,1,0
BRDA:63,5,0,0
BRDA:63,5,1,0
BRDA:66,6,0,0
BRDA:66,6,1,0
BRDA:71,7,0,0
BRDA:71,7,1,0
BRDA:71,8,0,0
BRDA:71,8,1,0
BRDA:78,9,0,0
BRDA:78,9,1,0
BRDA:79,10,0,0
BRDA:79,10,1,0
BRDA:79,11,0,0
BRDA:79,11,1,0
BRDA:87,12,0,0
BRDA:87,12,1,0
BRDA:88,13,0,0
BRDA:88,13,1,0
BRDA:88,13,2,0
BRDA:92,14,0,0
BRDA:92,14,1,0
BRDA:100,15,0,0
BRDA:100,15,1,0
BRDA:101,16,0,0
BRDA:101,16,1,0
BRDA:105,17,0,0
BRDA:105,17,1,0
BRDA:107,18,0,0
BRDA:107,18,1,0
BRDA:117,19,0,0
BRDA:117,19,1,0
BRDA:118,20,0,0
BRDA:118,20,1,0
BRDA:122,21,0,0
BRDA:122,21,1,0
BRDA:123,22,0,0
BRDA:123,22,1,0
BRDA:128,23,0,0
BRDA:128,23,1,0
BRDA:128,24,0,0
BRDA:128,24,1,0
BRDA:129,25,0,0
BRDA:129,25,1,0
BRDA:130,26,0,0
BRDA:130,26,1,0
BRDA:134,27,0,0
BRDA:134,27,1,0
BRDA:146,28,0,0
BRDA:146,28,1,0
BRDA:147,29,0,0
BRDA:147,29,1,0
BRDA:164,30,0,0
BRDA:164,30,1,0
BRDA:165,31,0,0
BRDA:165,31,1,0
BRDA:166,32,0,0
BRDA:166,32,1,0
BRDA:170,33,0,0
BRDA:170,33,1,0
BRF:69
BRH:0
end_of_record
TN:
SF:src/actions/builders/builderExceptions.js
FNF:0
FNH:0
LF:0
LH:0
BRF:0
BRH:0
end_of_record
TN:
SF:src/actions/core/actionResult.js
FN:22,(anonymous_0)
FN:35,(anonymous_1)
FN:45,(anonymous_2)
FN:50,(anonymous_3)
FN:60,(anonymous_4)
FN:79,(anonymous_5)
FN:98,(anonymous_6)
FN:120,(anonymous_7)
FN:145,(anonymous_8)
FN:147,(anonymous_9)
FN:159,(anonymous_10)
FN:169,(anonymous_11)
FN:182,(anonymous_12)
FN:194,(anonymous_13)
FN:198,(anonymous_14)
FN:214,(anonymous_15)
FN:215,(anonymous_16)
FNF:17
FNH:0
FNDA:0,(anonymous_0)
FNDA:0,(anonymous_1)
FNDA:0,(anonymous_2)
FNDA:0,(anonymous_3)
FNDA:0,(anonymous_4)
FNDA:0,(anonymous_5)
FNDA:0,(anonymous_6)
FNDA:0,(anonymous_7)
FNDA:0,(anonymous_8)
FNDA:0,(anonymous_9)
FNDA:0,(anonymous_10)
FNDA:0,(anonymous_11)
FNDA:0,(anonymous_12)
FNDA:0,(anonymous_13)
FNDA:0,(anonymous_14)
FNDA:0,(anonymous_15)
FNDA:0,(anonymous_16)
DA:23,0
DA:24,0
DA:25,0
DA:26,0
DA:36,0
DA:47,0
DA:50,0
DA:51,0
DA:52,0
DA:55,0
DA:56,0
DA:59,0
DA:60,0
DA:61,0
DA:62,0
DA:67,0
DA:70,0
DA:80,0
DA:81,0
DA:84,0
DA:85,0
DA:86,0
DA:88,0
DA:99,0
DA:100,0
DA:103,0
DA:104,0
DA:105,0
DA:106,0
DA:108,0
DA:110,0
DA:121,0
DA:122,0
DA:124,0
DA:125,0
DA:126,0
DA:128,0
DA:132,0
DA:133,0
DA:136,0
DA:146,0
DA:147,0
DA:148,0
DA:150,0
DA:160,0
DA:170,0
DA:171,0
DA:173,0
DA:183,0
DA:184,0
DA:186,0
DA:195,0
DA:198,0
DA:215,0
DA:216,0
DA:217,0
DA:218,0
DA:219,0
DA:220,0
DA:223,0
LF:60
LH:0
BRDA:22,0,0,0
BRDA:22,1,0,0
BRDA:47,2,0,0
BRDA:47,2,1,0
BRDA:51,3,0,0
BRDA:51,3,1,0
BRDA:55,4,0,0
BRDA:55,4,1,0
BRDA:59,5,0,0
BRDA:59,5,1,0
BRDA:59,6,0,0
BRDA:59,6,1,0
BRDA:61,7,0,0
BRDA:61,7,1,0
BRDA:80,8,0,0
BRDA:80,8,1,0
BRDA:99,9,0,0
BRDA:99,9,1,0
BRDA:105,10,0,0
BRDA:105,10,1,0
BRDA:125,11,0,0
BRDA:125,11,1,0
BRDA:132,12,0,0
BRDA:132,12,1,0
BRDA:146,13,0,0
BRDA:146,13,1,0
BRDA:147,14,0,0
BRDA:147,14,1,0
BRDA:160,15,0,0
BRDA:160,15,1,0
BRDA:170,16,0,0
BRDA:170,16,1,0
BRDA:183,17,0,0
BRDA:183,17,1,0
BRDA:199,18,0,0
BRDA:199,18,1,0
BRDA:202,19,0,0
BRDA:202,19,1,0
BRDA:203,20,0,0
BRDA:203,20,1,0
BRDA:215,21,0,0
BRDA:215,21,1,0
BRDA:217,22,0,0
BRDA:217,22,1,0
BRDA:218,23,0,0
BRDA:218,23,1,0
BRDA:219,24,0,0
BRDA:219,24,1,0
BRF:48
BRH:0
end_of_record
TN:
SF:src/actions/errors/actionErrorContextBuilder.js
FN:33,(anonymous_0)
FN:67,(anonymous_1)
FN:239,(anonymous_2)
FNF:3
FNH:0
FNDA:0,(anonymous_0)
FNDA:0,(anonymous_1)
FNDA:0,(anonymous_2)
DA:34,0
DA:35,0
DA:50,0
DA:51,0
DA:76,0
DA:79,0
DA:82,0
DA:91,0
DA:99,0
DA:107,0
DA:131,0
DA:132,0
DA:136,0
DA:137,0
DA:138,0
DA:139,0
DA:145,0
DA:146,0
DA:148,0
DA:158,0
DA:162,0
DA:182,0
DA:183,0
DA:184,0
DA:186,0
DA:187,0
DA:189,0
DA:190,0
DA:191,0
DA:196,0
DA:200,0
DA:206,0
DA:213,0
DA:225,0
DA:226,0
DA:229,0
DA:230,0
DA:235,0
DA:236,0
DA:237,0
DA:240,0
DA:242,0
DA:243,0
DA:245,0
DA:248,0
DA:249,0
DA:250,0
DA:251,0
DA:253,0
DA:256,0
DA:268,0
DA:269,0
DA:270,0
DA:273,0
DA:275,0
DA:276,0
DA:277,0
DA:278,0
DA:281,0
DA:282,0
DA:286,0
DA:287,0
DA:292,0
DA:309,0
DA:311,0
DA:312,0
DA:313,0
DA:317,0
DA:318,0
DA:319,0
DA:320,0
DA:321,0
DA:326,0
DA:328,0
LF:74
LH:0
BRDA:72,0,0,0
BRDA:73,1,0,0
BRDA:74,2,0,0
BRDA:82,3,0,0
BRDA:82,3,1,0
BRDA:108,4,0,0
BRDA:108,4,1,0
BRDA:146,5,0,0
BRDA:146,5,1,0
BRDA:153,6,0,0
BRDA:153,6,1,0
BRDA:190,7,0,0
BRDA:190,7,1,0
BRDA:225,8,0,0
BRDA:225,8,1,0
BRDA:225,9,0,0
BRDA:225,9,1,0
BRDA:229,10,0,0
BRDA:229,10,1,0
BRDA:230,11,0,0
BRDA:230,11,1,0
BRDA:235,12,0,0
BRDA:235,12,1,0
BRDA:242,13,0,0
BRDA:242,13,1,0
BRDA:248,14,0,0
BRDA:248,14,1,0
BRDA:273,15,0,0
BRDA:273,15,1,0
BRDA:277,16,0,0
BRDA:277,16,1,0
BRDA:281,17,0,0
BRDA:281,17,1,0
BRDA:281,18,0,0
BRDA:281,18,1,0
BRDA:286,19,0,0
BRDA:286,19,1,0
BRDA:286,20,0,0
BRDA:286,20,1,0
BRDA:311,21,0,0
BRDA:311,21,1,0
BRDA:313,22,0,0
BRDA:313,22,1,0
BRDA:314,23,0,0
BRDA:314,23,1,0
BRDA:318,24,0,0
BRDA:318,24,1,0
BRDA:320,25,0,0
BRDA:320,25,1,0
BRDA:326,26,0,0
BRDA:326,26,1,0
BRDA:326,26,2,0
BRDA:330,27,0,0
BRDA:330,27,1,0
BRDA:331,28,0,0
BRDA:331,28,1,0
BRDA:331,28,2,0
BRF:57
BRH:0
end_of_record
TN:
SF:src/actions/errors/actionErrorTypes.js
FNF:0
FNH:0
DA:58,0
DA:70,0
DA:84,0
LF:3
LH:0
BRF:0
BRH:0
end_of_record
TN:
SF:src/actions/errors/fixSuggestionEngine.js
FN:30,(anonymous_0)
FN:56,(anonymous_1)
FN:105,(anonymous_2)
FN:373,(anonymous_3)
FNF:4
FNH:0
FNDA:0,(anonymous_0)
FNDA:0,(anonymous_1)
FNDA:0,(anonymous_2)
FNDA:0,(anonymous_3)
DA:31,0
DA:32,0
DA:43,0
DA:44,0
DA:58,0
DA:61,0
DA:62,0
DA:63,0
DA:66,0
DA:67,0
DA:70,0
DA:71,0
DA:77,0
DA:78,0
DA:84,0
DA:85,0
DA:91,0
DA:92,0
DA:98,0
DA:99,0
DA:105,0
DA:107,0
DA:118,0
DA:134,0
DA:150,0
DA:166,0
DA:183,0
DA:186,0
DA:189,0
DA:191,0
DA:192,0
DA:205,0
DA:206,0
DA:209,0
DA:210,0
DA:211,0
DA:225,0
DA:238,0
DA:241,0
DA:242,0
DA:243,0
DA:244,0
DA:245,0
DA:258,0
DA:271,0
DA:273,0
DA:274,0
DA:286,0
DA:287,0
DA:301,0
DA:314,0
DA:316,0
DA:321,0
DA:334,0
DA:347,0
DA:349,0
DA:360,0
DA:370,0
DA:373,0
DA:374,0
DA:376,0
DA:377,0
DA:380,0
DA:381,0
DA:382,0
DA:383,0
DA:384,0
DA:389,0
DA:390,0
LF:69
LH:0
BRDA:66,0,0,0
BRDA:66,0,1,0
BRDA:67,1,0,0
BRDA:67,1,1,0
BRDA:70,2,0,0
BRDA:70,2,1,0
BRDA:77,3,0,0
BRDA:77,3,1,0
BRDA:84,4,0,0
BRDA:84,4,1,0
BRDA:91,5,0,0
BRDA:91,5,1,0
BRDA:91,6,0,0
BRDA:91,6,1,0
BRDA:91,6,2,0
BRDA:98,7,0,0
BRDA:98,7,1,0
BRDA:119,8,0,0
BRDA:119,8,1,0
BRDA:119,8,2,0
BRDA:119,8,3,0
BRDA:135,9,0,0
BRDA:135,9,1,0
BRDA:135,9,2,0
BRDA:135,9,3,0
BRDA:151,10,0,0
BRDA:151,10,1,0
BRDA:151,10,2,0
BRDA:151,10,3,0
BRDA:167,11,0,0
BRDA:167,11,1,0
BRDA:167,11,2,0
BRDA:191,12,0,0
BRDA:191,12,1,0
BRDA:198,13,0,0
BRDA:198,13,1,0
BRDA:205,14,0,0
BRDA:205,14,1,0
BRDA:205,15,0,0
BRDA:205,15,1,0
BRDA:210,16,0,0
BRDA:210,16,1,0
BRDA:213,17,0,0
BRDA:213,17,1,0
BRDA:244,18,0,0
BRDA:244,18,1,0
BRDA:273,19,0,0
BRDA:273,19,1,0
BRDA:286,20,0,0
BRDA:286,20,1,0
BRDA:286,21,0,0
BRDA:286,21,1,0
BRDA:316,22,0,0
BRDA:316,22,1,0
BRDA:317,23,0,0
BRDA:317,23,1,0
BRDA:317,23,2,0
BRDA:323,24,0,0
BRDA:323,24,1,0
BRDA:353,25,0,0
BRDA:353,25,1,0
BRDA:374,26,0,0
BRDA:374,26,1,0
BRDA:374,27,0,0
BRDA:374,27,1,0
BRDA:376,28,0,0
BRDA:376,28,1,0
BRDA:376,29,0,0
BRDA:376,29,1,0
BRDA:381,30,0,0
BRDA:381,30,1,0
BRDA:383,31,0,0
BRDA:383,31,1,0
BRF:73
BRH:0
end_of_record
TN:
SF:src/actions/errors/unifiedErrorHandler.js
FN:31,(anonymous_0)
FN:56,(anonymous_1)
FN:99,(anonymous_2)
FN:128,(anonymous_3)
FN:164,(anonymous_4)
FN:199,(anonymous_5)
FN:223,(anonymous_6)
FN:238,(anonymous_7)
FNF:8
FNH:0
FNDA:0,(anonymous_0)
FNDA:0,(anonymous_1)
FNDA:0,(anonymous_2)
FNDA:0,(anonymous_3)
FNDA:0,(anonymous_4)
FNDA:0,(anonymous_5)
FNDA:0,(anonymous_6)
FNDA:0,(anonymous_7)
DA:32,0
DA:33,0
DA:35,0
DA:36,0
DA:39,0
DA:40,0
DA:66,0
DA:77,0
DA:103,0
DA:138,0
DA:174,0
DA:203,0
DA:224,0
DA:239,0
LF:14
LH:0
BRDA:32,0,0,0
BRDA:32,0,1,0
BRDA:35,1,0,0
BRDA:35,1,1,0
BRDA:61,2,0,0
BRDA:62,3,0,0
BRDA:63,4,0,0
BRDA:79,5,0,0
BRDA:79,5,1,0
BRDA:101,6,0,0
BRDA:101,7,0,0
BRDA:101,8,0,0
BRDA:133,9,0,0
BRDA:134,10,0,0
BRDA:135,11,0,0
BRDA:169,12,0,0
BRDA:170,13,0,0
BRDA:171,14,0,0
BRDA:201,15,0,0
BRDA:201,16,0,0
BRDA:223,17,0,0
BRF:21
BRH:0
end_of_record
TN:
SF:src/actions/formatters/formatActionTypedefs.js
FNF:0
FNH:0
DA:43,0
LF:1
LH:0
BRF:0
BRH:0
end_of_record
TN:
SF:src/actions/formatters/targetFormatters.js
FN:35,formatEntityTarget
FN:73,formatNoneTarget
FNF:2
FNH:0
FNDA:0,formatEntityTarget
FNDA:0,formatNoneTarget
DA:40,0
DA:41,0
DA:42,0
DA:43,0
DA:44,0
DA:47,0
DA:48,0
DA:49,0
DA:50,0
DA:51,0
DA:52,0
DA:57,0
DA:62,0
DA:78,0
DA:79,0
DA:81,0
DA:82,0
DA:86,0
DA:113,0
LF:19
LH:0
BRDA:41,0,0,0
BRDA:41,0,1,0
BRDA:49,1,0,0
BRDA:49,1,1,0
BRDA:51,2,0,0
BRDA:51,2,1,0
BRDA:78,3,0,0
BRDA:78,3,1,0
BRDA:81,4,0,0
BRDA:81,4,1,0
BRF:10
BRH:0
end_of_record
TN:
SF:src/actions/pipeline/Pipeline.js
FN:26,(anonymous_0)
FN:44,(anonymous_1)
FN:51,(anonymous_2)
FNF:3
FNH:0
FNDA:0,(anonymous_0)
FNDA:0,(anonymous_1)
FNDA:0,(anonymous_2)
DA:27,0
DA:28,0
DA:30,0
DA:31,0
DA:45,0
DA:48,0
DA:49,0
DA:52,0
DA:58,0
DA:69,0
DA:70,0
DA:72,0
DA:77,0
DA:78,0
DA:80,0
DA:81,0
DA:82,0
DA:84,0
DA:85,0
DA:88,0
DA:91,0
DA:98,0
DA:99,0
DA:102,0
DA:103,0
DA:106,0
DA:107,0
DA:108,0
DA:110,0
DA:113,0
DA:117,0
DA:123,0
DA:132,0
DA:136,0
DA:140,0
LF:35
LH:0
BRDA:27,0,0,0
BRDA:27,0,1,0
BRDA:27,1,0,0
BRDA:27,1,1,0
BRDA:48,2,0,0
BRDA:48,2,1,0
BRDA:98,3,0,0
BRDA:98,3,1,0
BRDA:106,4,0,0
BRDA:106,4,1,0
BRF:10
BRH:0
end_of_record
TN:
SF:src/actions/pipeline/PipelineResult.js
FN:25,(anonymous_0)
FN:48,(anonymous_1)
FN:62,(anonymous_2)
FN:77,(anonymous_3)
FN:94,(anonymous_4)
FN:110,(anonymous_5)
FNF:6
FNH:0
FNDA:0,(anonymous_0)
FNDA:0,(anonymous_1)
FNDA:0,(anonymous_2)
FNDA:0,(anonymous_3)
FNDA:0,(anonymous_4)
FNDA:0,(anonymous_5)
DA:32,0
DA:33,0
DA:34,0
DA:35,0
DA:36,0
DA:49,0
DA:63,0
DA:78,0
DA:95,0
DA:96,0
DA:100,0
DA:111,0
DA:113,0
DA:114,0
DA:116,0
LF:15
LH:0
BRDA:27,0,0,0
BRDA:28,1,0,0
BRDA:29,2,0,0
BRDA:30,3,0,0
BRDA:48,4,0,0
BRDA:62,5,0,0
BRDA:65,6,0,0
BRDA:65,6,1,0
BRDA:79,7,0,0
BRDA:79,7,1,0
BRDA:83,8,0,0
BRDA:83,8,1,0
BRDA:94,9,0,0
BRDA:95,10,0,0
BRDA:95,10,1,0
BRDA:111,11,0,0
BRDA:111,11,1,0
BRDA:114,12,0,0
BRDA:114,12,1,0
BRDA:117,13,0,0
BRDA:117,13,1,0
BRDA:120,14,0,0
BRDA:120,14,1,0
BRDA:123,15,0,0
BRDA:123,15,1,0
BRF:25
BRH:0
end_of_record
TN:
SF:src/actions/pipeline/PipelineStage.js
FN:17,(anonymous_0)
FN:36,(anonymous_1)
FN:82,(anonymous_2)
FNF:3
FNH:0
FNDA:0,(anonymous_0)
FNDA:0,(anonymous_1)
FNDA:0,(anonymous_2)
DA:18,0
DA:19,0
DA:23,0
DA:37,0
DA:41,0
DA:42,0
DA:44,0
DA:45,0
DA:48,0
DA:49,0
DA:50,0
DA:53,0
DA:55,0
DA:58,0
DA:60,0
DA:61,0
DA:63,0
DA:68,0
DA:83,0
LF:19
LH:0
BRDA:18,0,0,0
BRDA:18,0,1,0
BRDA:41,1,0,0
BRDA:41,1,1,0
BRDA:41,2,0,0
BRDA:41,2,1,0
BRDA:48,3,0,0
BRDA:48,3,1,0
BRDA:48,4,0,0
BRDA:48,4,1,0
BRDA:48,4,2,0
BRDA:51,5,0,0
BRDA:51,5,1,0
BRF:13
BRH:0
end_of_record
TN:
SF:src/actions/pipeline/stages/ActionFormattingStage.js
FN:40,(anonymous_0)
FN:66,(anonymous_1)
FNF:2
FNH:0
FNDA:0,(anonymous_0)
FNDA:0,(anonymous_1)
DA:48,0
DA:49,0
DA:50,0
DA:51,0
DA:52,0
DA:53,0
DA:54,0
DA:67,0
DA:68,0
DA:70,0
DA:75,0
DA:76,0
DA:79,0
DA:86,0
DA:87,0
DA:88,0
DA:89,0
DA:99,0
DA:100,0
DA:108,0
DA:110,0
DA:123,0
DA:125,0
DA:133,0
DA:134,0
DA:135,0
DA:136,0
DA:137,0
DA:140,0
DA:153,0
DA:155,0
DA:163,0
DA:167,0
DA:172,0
LF:34
LH:0
BRDA:67,0,0,0
BRDA:99,1,0,0
BRDA:99,1,1,0
BRDA:104,2,0,0
BRDA:104,2,1,0
BRDA:134,3,0,0
BRDA:134,3,1,0
BRDA:136,4,0,0
BRDA:136,4,1,0
BRF:9
BRH:0
end_of_record
TN:
SF:src/actions/pipeline/stages/ComponentFilteringStage.js
FN:30,(anonymous_0)
FN:45,(anonymous_1)
FNF:2
FNH:0
FNDA:0,(anonymous_0)
FNDA:0,(anonymous_1)
DA:31,0
DA:32,0
DA:33,0
DA:34,0
DA:46,0
DA:47,0
DA:49,0
DA:54,0
DA:56,0
DA:61,0
DA:65,0
DA:66,0
DA:67,0
DA:73,0
DA:79,0
DA:84,0
DA:95,0
DA:100,0
LF:18
LH:0
BRDA:65,0,0,0
BRDA:65,0,1,0
BRF:2
BRH:0
end_of_record
TN:
SF:src/actions/pipeline/stages/MultiTargetResolutionStage.js
FN:54,(anonymous_0)
FN:84,(anonymous_1)
FN:172,(anonymous_2)
FN:265,(anonymous_3)
FN:272,(anonymous_4)
FN:288,(anonymous_5)
FN:330,(anonymous_6)
FN:349,(anonymous_7)
FNF:8
FNH:0
FNDA:0,(anonymous_0)
FNDA:0,(anonymous_1)
FNDA:0,(anonymous_2)
FNDA:0,(anonymous_3)
FNDA:0,(anonymous_4)
FNDA:0,(anonymous_5)
FNDA:0,(anonymous_6)
FNDA:0,(anonymous_7)
DA:61,0
DA:62,0
DA:63,0
DA:64,0
DA:65,0
DA:66,0
DA:68,0
DA:69,0
DA:70,0
DA:71,0
DA:72,0
DA:85,0
DA:87,0
DA:92,0
DA:94,0
DA:95,0
DA:99,0
DA:101,0
DA:105,0
DA:122,0
DA:133,0
DA:134,0
DA:136,0
DA:142,0
DA:150,0
DA:151,0
DA:154,0
DA:156,0
DA:157,0
DA:161,0
DA:171,0
DA:172,0
DA:179,0
DA:199,0
DA:200,0
DA:203,0
DA:204,0
DA:216,0
DA:217,0
DA:223,0
DA:224,0
DA:226,0
DA:227,0
DA:228,0
DA:234,0
DA:243,0
DA:250,0
DA:251,0
DA:255,0
DA:265,0
DA:272,0
DA:273,0
DA:280,0
DA:287,0
DA:288,0
DA:290,0
DA:291,0
DA:300,0
DA:321,0
DA:322,0
DA:323,0
DA:324,0
DA:326,0
DA:327,0
DA:330,0
DA:331,0
DA:334,0
DA:337,0
DA:340,0
DA:342,0
DA:343,0
DA:349,0
DA:350,0
DA:351,0
DA:355,0
DA:364,0
DA:371,0
DA:372,0
DA:379,0
DA:387,0
DA:388,0
DA:391,0
DA:402,0
DA:410,0
DA:411,0
DA:412,0
DA:416,0
DA:418,0
DA:423,0
DA:425,0
DA:426,0
DA:430,0
DA:439,0
DA:440,0
DA:441,0
DA:445,0
DA:450,0
DA:452,0
LF:98
LH:0
BRDA:94,0,0,0
BRDA:94,0,1,0
BRDA:123,1,0,0
BRDA:123,1,1,0
BRDA:123,1,2,0
BRDA:134,2,0,0
BRDA:134,2,1,0
BRDA:150,3,0,0
BRDA:150,3,1,0
BRDA:156,4,0,0
BRDA:156,4,1,0
BRDA:174,5,0,0
BRDA:174,5,1,0
BRDA:203,6,0,0
BRDA:203,6,1,0
BRDA:203,7,0,0
BRDA:203,7,1,0
BRDA:250,8,0,0
BRDA:250,8,1,0
BRDA:250,9,0,0
BRDA:250,9,1,0
BRDA:290,10,0,0
BRDA:290,10,1,0
BRDA:326,11,0,0
BRDA:326,11,1,0
BRDA:334,12,0,0
BRDA:334,12,1,0
BRDA:340,13,0,0
BRDA:340,13,1,0
BRDA:366,14,0,0
BRDA:366,14,1,0
BRDA:371,15,0,0
BRDA:371,15,1,0
BRDA:371,16,0,0
BRDA:371,16,1,0
BRDA:393,17,0,0
BRDA:393,17,1,0
BRDA:410,18,0,0
BRDA:410,18,1,0
BRDA:441,19,0,0
BRDA:441,19,1,0
BRDA:445,20,0,0
BRDA:445,20,1,0
BRDA:445,20,2,0
BRDA:445,20,3,0
BRF:45
BRH:0
end_of_record
TN:
SF:src/actions/pipeline/stages/PrerequisiteEvaluationStage.js
FN:31,(anonymous_0)
FN:47,(anonymous_1)
FNF:2
FNH:0
FNDA:0,(anonymous_0)
FNDA:0,(anonymous_1)
DA:32,0
DA:33,0
DA:34,0
DA:35,0
DA:48,0
DA:49,0
DA:51,0
DA:56,0
DA:57,0
DA:60,0
DA:61,0
DA:63,0
DA:64,0
DA:65,0
DA:69,0
DA:76,0
DA:77,0
DA:78,0
DA:83,0
DA:90,0
DA:101,0
DA:103,0
DA:110,0
DA:114,0
DA:120,0
LF:25
LH:0
BRDA:63,0,0,0
BRDA:63,0,1,0
BRDA:63,1,0,0
BRDA:63,1,1,0
BRDA:76,2,0,0
BRDA:76,2,1,0
BRF:6
BRH:0
end_of_record
TN:
SF:src/actions/pipeline/stages/TargetResolutionStage.js
FN:32,(anonymous_0)
FN:49,(anonymous_1)
FN:79,(anonymous_2)
FNF:3
FNH:0
FNDA:0,(anonymous_0)
FNDA:0,(anonymous_1)
FNDA:0,(anonymous_2)
DA:33,0
DA:34,0
DA:35,0
DA:36,0
DA:50,0
DA:51,0
DA:54,0
DA:65,0
DA:66,0
DA:70,0
DA:76,0
DA:79,0
DA:83,0
DA:88,0
DA:89,0
DA:92,0
DA:94,0
DA:95,0
DA:98,0
DA:101,0
DA:102,0
DA:108,0
DA:112,0
DA:117,0
DA:118,0
DA:127,0
DA:128,0
DA:131,0
DA:134,0
DA:135,0
DA:138,0
DA:139,0
DA:142,0
DA:143,0
DA:145,0
DA:146,0
DA:149,0
DA:160,0
DA:164,0
DA:168,0
DA:172,0
DA:177,0
DA:189,0
DA:190,0
DA:193,0
DA:194,0
DA:197,0
DA:198,0
DA:201,0
DA:208,0
DA:214,0
DA:218,0
DA:223,0
LF:53
LH:0
BRDA:65,0,0,0
BRDA:65,0,1,0
BRDA:65,1,0,0
BRDA:65,1,1,0
BRDA:79,2,0,0
BRDA:79,2,1,0
BRDA:94,3,0,0
BRDA:94,3,1,0
BRDA:101,4,0,0
BRDA:101,4,1,0
BRDA:127,5,0,0
BRDA:127,5,1,0
BRDA:134,6,0,0
BRDA:134,6,1,0
BRDA:138,7,0,0
BRDA:138,7,1,0
BRDA:139,8,0,0
BRDA:139,8,1,0
BRDA:143,9,0,0
BRDA:143,9,1,0
BRDA:145,10,0,0
BRDA:145,10,1,0
BRDA:145,11,0,0
BRDA:145,11,1,0
BRDA:173,12,0,0
BRDA:173,12,1,0
BRDA:193,13,0,0
BRDA:193,13,1,0
BRF:28
BRH:0
end_of_record
TN:
SF:src/actions/scopes/scopeCacheStrategy.js
FN:38,(anonymous_0)
FN:55,(anonymous_1)
FN:67,(anonymous_2)
FN:95,(anonymous_3)
FN:107,(anonymous_4)
FN:197,(anonymous_5)
FN:209,(anonymous_6)
FN:223,(anonymous_7)
FN:250,(anonymous_8)
FN:259,(anonymous_9)
FN:300,(anonymous_10)
FNF:11
FNH:0
FNDA:0,(anonymous_0)
FNDA:0,(anonymous_1)
FNDA:0,(anonymous_2)
FNDA:0,(anonymous_3)
FNDA:0,(anonymous_4)
FNDA:0,(anonymous_5)
FNDA:0,(anonymous_6)
FNDA:0,(anonymous_7)
FNDA:0,(anonymous_8)
FNDA:0,(anonymous_9)
FNDA:0,(anonymous_10)
DA:39,0
DA:40,0
DA:41,0
DA:42,0
DA:58,0
DA:69,0
DA:70,0
DA:71,0
DA:72,0
DA:76,0
DA:79,0
DA:80,0
DA:84,0
DA:85,0
DA:96,0
DA:108,0
DA:111,0
DA:112,0
DA:113,0
DA:114,0
DA:118,0
DA:121,0
DA:122,0
DA:127,0
DA:129,0
DA:130,0
DA:133,0
DA:134,0
DA:137,0
DA:139,0
DA:143,0
DA:157,0
DA:159,0
DA:160,0
DA:161,0
DA:166,0
DA:172,0
DA:173,0
DA:184,0
DA:185,0
DA:188,0
DA:189,0
DA:191,0
DA:198,0
DA:199,0
DA:200,0
DA:210,0
DA:211,0
DA:212,0
DA:214,0
DA:224,0
DA:226,0
DA:227,0
DA:228,0
DA:232,0
DA:233,0
DA:236,0
DA:237,0
DA:242,0
DA:251,0
DA:260,0
DA:261,0
DA:262,0
DA:264,0
DA:265,0
DA:266,0
DA:267,0
DA:269,0
DA:273,0
DA:291,0
DA:292,0
DA:301,0
DA:303,0
DA:304,0
DA:305,0
DA:309,0
DA:310,0
DA:313,0
DA:314,0
DA:319,0
LF:80
LH:0
BRDA:38,0,0,0
BRDA:38,1,0,0
BRDA:38,2,0,0
BRDA:39,3,0,0
BRDA:39,3,1,0
BRDA:69,4,0,0
BRDA:69,4,1,0
BRDA:71,5,0,0
BRDA:71,5,1,0
BRDA:108,6,0,0
BRDA:108,6,1,0
BRDA:111,7,0,0
BRDA:111,7,1,0
BRDA:113,8,0,0
BRDA:113,8,1,0
BRDA:133,9,0,0
BRDA:133,9,1,0
BRDA:157,10,0,0
BRDA:157,10,1,0
BRDA:157,11,0,0
BRDA:157,11,1,0
BRDA:169,12,0,0
BRDA:169,12,1,0
BRDA:184,13,0,0
BRDA:184,13,1,0
BRDA:184,14,0,0
BRDA:184,14,1,0
BRDA:189,15,0,0
BRDA:189,15,1,0
BRDA:211,16,0,0
BRDA:211,16,1,0
BRDA:227,17,0,0
BRDA:227,17,1,0
BRDA:236,18,0,0
BRDA:236,18,1,0
BRDA:265,19,0,0
BRDA:265,19,1,0
BRDA:278,20,0,0
BRDA:278,20,1,0
BRDA:304,21,0,0
BRDA:304,21,1,0
BRDA:313,22,0,0
BRDA:313,22,1,0
BRF:43
BRH:0
end_of_record
TN:
SF:src/actions/scopes/unifiedScopeResolver.js
FN:72,(anonymous_0)
FN:128,(anonymous_1)
FN:133,(anonymous_2)
FN:229,(anonymous_3)
FN:237,(anonymous_4)
FN:248,(anonymous_5)
FNF:6
FNH:0
FNDA:0,(anonymous_0)
FNDA:0,(anonymous_1)
FNDA:0,(anonymous_2)
FNDA:0,(anonymous_3)
FNDA:0,(anonymous_4)
FNDA:0,(anonymous_5)
DA:82,0
DA:85,0
DA:88,0
DA:89,0
DA:97,0
DA:100,0
DA:101,0
DA:110,0
DA:111,0
DA:112,0
DA:113,0
DA:114,0
DA:115,0
DA:116,0
DA:117,0
DA:130,0
DA:131,0
DA:134,0
DA:145,0
DA:158,0
DA:164,0
DA:167,0
DA:168,0
DA:169,0
DA:172,0
DA:175,0
DA:176,0
DA:177,0
DA:180,0
DA:184,0
DA:185,0
DA:186,0
DA:188,0
DA:189,0
DA:194,0
DA:199,0
DA:205,0
DA:206,0
DA:213,0
DA:214,0
DA:215,0
DA:219,0
DA:230,0
DA:231,0
DA:232,0
DA:234,0
DA:237,0
DA:238,0
DA:239,0
DA:243,0
DA:244,0
DA:245,0
DA:247,0
DA:250,0
DA:257,0
DA:263,0
DA:264,0
DA:267,0
DA:279,0
DA:281,0
DA:282,0
DA:283,0
DA:284,0
DA:290,0
DA:293,0
DA:300,0
DA:303,0
DA:304,0
DA:310,0
DA:313,0
DA:314,0
DA:315,0
DA:316,0
DA:322,0
DA:325,0
DA:337,0
DA:339,0
DA:343,0
DA:347,0
DA:348,0
DA:350,0
DA:353,0
DA:367,0
DA:370,0
DA:371,0
DA:372,0
DA:375,0
DA:376,0
DA:382,0
DA:386,0
DA:387,0
DA:388,0
DA:392,0
DA:393,0
DA:394,0
DA:398,0
DA:401,0
DA:402,0
DA:409,0
DA:410,0
DA:416,0
DA:417,0
DA:422,0
DA:423,0
DA:427,0
DA:429,0
DA:439,0
DA:453,0
DA:455,0
DA:456,0
DA:457,0
DA:461,0
DA:464,0
DA:468,0
DA:469,0
DA:471,0
DA:472,0
DA:481,0
DA:494,0
DA:496,0
DA:498,0
DA:499,0
DA:503,0
DA:504,0
DA:508,0
DA:513,0
DA:517,0
DA:521,0
DA:528,0
DA:529,0
DA:531,0
DA:532,0
DA:533,0
DA:537,0
DA:538,0
DA:541,0
DA:545,0
DA:553,0
DA:554,0
DA:555,0
DA:556,0
DA:559,0
DA:565,0
DA:567,0
DA:580,0
DA:599,0
DA:601,0
DA:602,0
DA:603,0
DA:604,0
DA:605,0
DA:608,0
DA:612,0
DA:613,0
DA:616,0
DA:617,0
DA:618,0
DA:628,0
DA:631,0
DA:652,0
DA:654,0
DA:670,0
DA:671,0
DA:672,0
DA:675,0
DA:678,0
DA:679,0
DA:680,0
DA:682,0
DA:694,0
DA:696,0
DA:698,0
DA:703,0
DA:706,0
DA:711,0
DA:714,0
DA:719,0
DA:722,0
DA:727,0
DA:730,0
DA:737,0
LF:181
LH:0
BRDA:128,0,0,0
BRDA:130,1,0,0
BRDA:130,1,1,0
BRDA:157,2,0,0
BRDA:160,3,0,0
BRDA:161,4,0,0
BRDA:162,5,0,0
BRDA:163,6,0,0
BRDA:168,7,0,0
BRDA:168,7,1,0
BRDA:176,8,0,0
BRDA:176,8,1,0
BRDA:184,9,0,0
BRDA:184,9,1,0
BRDA:184,10,0,0
BRDA:184,10,1,0
BRDA:188,11,0,0
BRDA:188,11,1,0
BRDA:205,12,0,0
BRDA:205,12,1,0
BRDA:213,13,0,0
BRDA:213,13,1,0
BRDA:213,14,0,0
BRDA:213,14,1,0
BRDA:229,15,0,0
BRDA:244,16,0,0
BRDA:244,16,1,0
BRDA:263,17,0,0
BRDA:263,17,1,0
BRDA:281,18,0,0
BRDA:281,18,1,0
BRDA:281,19,0,0
BRDA:281,19,1,0
BRDA:293,20,0,0
BRDA:293,20,1,0
BRDA:294,21,0,0
BRDA:294,21,1,0
BRDA:294,21,2,0
BRDA:294,21,3,0
BRDA:294,21,4,0
BRDA:313,22,0,0
BRDA:313,22,1,0
BRDA:337,23,0,0
BRDA:337,23,1,0
BRDA:337,23,2,0
BRDA:347,24,0,0
BRDA:347,24,1,0
BRDA:371,25,0,0
BRDA:371,25,1,0
BRDA:371,26,0,0
BRDA:371,26,1,0
BRDA:387,27,0,0
BRDA:387,27,1,0
BRDA:393,28,0,0
BRDA:393,28,1,0
BRDA:409,29,0,0
BRDA:409,29,1,0
BRDA:409,30,0,0
BRDA:409,30,1,0
BRDA:416,31,0,0
BRDA:416,31,1,0
BRDA:416,32,0,0
BRDA:416,32,1,0
BRDA:422,33,0,0
BRDA:422,33,1,0
BRDA:456,34,0,0
BRDA:456,34,1,0
BRDA:498,35,0,0
BRDA:498,35,1,0
BRDA:503,36,0,0
BRDA:503,36,1,0
BRDA:517,37,0,0
BRDA:517,37,1,0
BRDA:518,38,0,0
BRDA:518,38,1,0
BRDA:537,39,0,0
BRDA:537,39,1,0
BRDA:553,40,0,0
BRDA:553,40,1,0
BRDA:553,41,0,0
BRDA:553,41,1,0
BRDA:604,42,0,0
BRDA:604,42,1,0
BRDA:612,43,0,0
BRDA:612,43,1,0
BRDA:650,44,0,0
BRDA:656,45,0,0
BRDA:656,45,1,0
BRDA:696,46,0,0
BRDA:696,46,1,0
BRDA:696,46,2,0
BRDA:696,46,3,0
BRDA:696,46,4,0
BRF:93
BRH:0
end_of_record
TN:
SF:src/actions/tracing/analysisTypes.js
FNF:0
FNH:0
LF:0
LH:0
BRF:0
BRH:0
end_of_record
TN:
SF:src/actions/tracing/performanceMonitor.js
FN:39,(anonymous_0)
FN:111,(anonymous_1)
FN:159,(anonymous_2)
FN:201,(anonymous_3)
FN:252,(anonymous_4)
FN:260,(anonymous_5)
FN:264,(anonymous_6)
FN:268,(anonymous_7)
FN:280,(anonymous_8)
FN:299,(anonymous_9)
FN:309,(anonymous_10)
FN:319,(anonymous_11)
FN:324,(anonymous_12)
FN:426,(anonymous_13)
FN:488,(anonymous_14)
FN:493,(anonymous_15)
FN:499,(anonymous_16)
FN:505,(anonymous_17)
FN:509,(anonymous_18)
FN:515,(anonymous_19)
FN:524,(anonymous_20)
FN:541,(anonymous_21)
FN:547,(anonymous_22)
FN:564,(anonymous_23)
FN:566,(anonymous_24)
FN:577,(anonymous_25)
FN:592,(anonymous_26)
FNF:27
FNH:0
FNDA:0,(anonymous_0)
FNDA:0,(anonymous_1)
FNDA:0,(anonymous_2)
FNDA:0,(anonymous_3)
FNDA:0,(anonymous_4)
FNDA:0,(anonymous_5)
FNDA:0,(anonymous_6)
FNDA:0,(anonymous_7)
FNDA:0,(anonymous_8)
FNDA:0,(anonymous_9)
FNDA:0,(anonymous_10)
FNDA:0,(anonymous_11)
FNDA:0,(anonymous_12)
FNDA:0,(anonymous_13)
FNDA:0,(anonymous_14)
FNDA:0,(anonymous_15)
FNDA:0,(anonymous_16)
FNDA:0,(anonymous_17)
FNDA:0,(anonymous_18)
FNDA:0,(anonymous_19)
FNDA:0,(anonymous_20)
FNDA:0,(anonymous_21)
FNDA:0,(anonymous_22)
FNDA:0,(anonymous_23)
FNDA:0,(anonymous_24)
FNDA:0,(anonymous_25)
FNDA:0,(anonymous_26)
DA:40,0
DA:44,0
DA:45,0
DA:46,0
DA:47,0
DA:48,0
DA:49,0
DA:50,0
DA:61,0
DA:79,0
DA:95,0
DA:112,0
DA:114,0
DA:115,0
DA:119,0
DA:128,0
DA:129,0
DA:133,0
DA:137,0
DA:140,0
DA:141,0
DA:160,0
DA:162,0
DA:163,0
DA:164,0
DA:166,0
DA:167,0
DA:169,0
DA:170,0
DA:175,0
DA:179,0
DA:180,0
DA:181,0
DA:182,0
DA:190,0
DA:192,0
DA:202,0
DA:203,0
DA:205,0
DA:206,0
DA:216,0
DA:217,0
DA:219,0
DA:221,0
DA:223,0
DA:224,0
DA:226,0
DA:227,0
DA:228,0
DA:231,0
DA:232,0
DA:235,0
DA:236,0
DA:238,0
DA:253,0
DA:254,0
DA:255,0
DA:258,0
DA:259,0
DA:260,0
DA:262,0
DA:263,0
DA:264,0
DA:268,0
DA:269,0
DA:270,0
DA:271,0
DA:273,0
DA:278,0
DA:279,0
DA:281,0
DA:284,0
DA:299,0
DA:310,0
DA:312,0
DA:313,0
DA:316,0
DA:317,0
DA:319,0
DA:320,0
DA:324,0
DA:325,0
DA:326,0
DA:328,0
DA:346,0
DA:347,0
DA:350,0
DA:351,0
DA:354,0
DA:357,0
DA:358,0
DA:370,0
DA:371,0
DA:385,0
DA:386,0
DA:387,0
DA:388,0
DA:403,0
DA:404,0
DA:424,0
DA:425,0
DA:426,0
DA:427,0
DA:430,0
DA:431,0
DA:432,0
DA:443,0
DA:444,0
DA:466,0
DA:471,0
DA:474,0
DA:475,0
DA:489,0
DA:491,0
DA:492,0
DA:493,0
DA:497,0
DA:498,0
DA:499,0
DA:503,0
DA:504,0
DA:505,0
DA:509,0
DA:516,0
DA:531,0
DA:534,0
DA:535,0
DA:538,0
DA:541,0
DA:542,0
DA:546,0
DA:547,0
DA:548,0
DA:553,0
DA:558,0
DA:560,0
DA:564,0
DA:565,0
DA:567,0
DA:571,0
DA:572,0
DA:576,0
DA:577,0
DA:579,0
DA:580,0
DA:583,0
DA:593,0
LF:147
LH:0
BRDA:39,0,0,0
BRDA:114,1,0,0
BRDA:114,1,1,0
BRDA:129,2,0,0
BRDA:129,2,1,0
BRDA:130,3,0,0
BRDA:130,3,1,0
BRDA:130,3,2,0
BRDA:140,4,0,0
BRDA:140,4,1,0
BRDA:162,5,0,0
BRDA:162,5,1,0
BRDA:163,6,0,0
BRDA:163,6,1,0
BRDA:163,7,0,0
BRDA:163,7,1,0
BRDA:167,8,0,0
BRDA:167,8,1,0
BRDA:167,9,0,0
BRDA:167,9,1,0
BRDA:169,10,0,0
BRDA:169,10,1,0
BRDA:170,11,0,0
BRDA:170,11,1,0
BRDA:171,12,0,0
BRDA:171,12,1,0
BRDA:171,12,2,0
BRDA:179,13,0,0
BRDA:179,13,1,0
BRDA:181,14,0,0
BRDA:181,14,1,0
BRDA:205,15,0,0
BRDA:205,15,1,0
BRDA:226,16,0,0
BRDA:226,16,1,0
BRDA:228,17,0,0
BRDA:228,17,1,0
BRDA:258,18,0,0
BRDA:258,18,1,0
BRDA:269,19,0,0
BRDA:269,19,1,0
BRDA:270,20,0,0
BRDA:270,20,1,0
BRDA:271,21,0,0
BRDA:271,21,1,0
BRDA:281,22,0,0
BRDA:281,22,1,0
BRDA:281,22,2,0
BRDA:309,23,0,0
BRDA:310,24,0,0
BRDA:312,25,0,0
BRDA:312,25,1,0
BRDA:346,26,0,0
BRDA:346,26,1,0
BRDA:357,27,0,0
BRDA:357,27,1,0
BRDA:370,28,0,0
BRDA:370,28,1,0
BRDA:385,29,0,0
BRDA:385,29,1,0
BRDA:387,30,0,0
BRDA:387,30,1,0
BRDA:403,31,0,0
BRDA:403,31,1,0
BRDA:425,32,0,0
BRDA:425,32,1,0
BRDA:427,33,0,0
BRDA:427,33,1,0
BRDA:431,34,0,0
BRDA:431,34,1,0
BRDA:443,35,0,0
BRDA:443,35,1,0
BRDA:474,36,0,0
BRDA:474,36,1,0
BRDA:488,37,0,0
BRDA:491,38,0,0
BRDA:491,38,1,0
BRDA:497,39,0,0
BRDA:497,39,1,0
BRDA:503,40,0,0
BRDA:503,40,1,0
BRDA:534,41,0,0
BRDA:534,41,1,0
BRDA:541,42,0,0
BRDA:541,42,1,0
BRDA:541,43,0,0
BRDA:541,43,1,0
BRDA:546,44,0,0
BRDA:546,44,1,0
BRDA:548,45,0,0
BRDA:548,45,1,0
BRDA:549,46,0,0
BRDA:549,46,1,0
BRDA:549,46,2,0
BRDA:558,47,0,0
BRDA:558,47,1,0
BRDA:558,47,2,0
BRDA:558,47,3,0
BRDA:567,48,0,0
BRDA:567,48,1,0
BRDA:571,49,0,0
BRDA:571,49,1,0
BRDA:571,50,0,0
BRDA:571,50,1,0
BRDA:595,51,0,0
BRDA:595,51,1,0
BRF:106
BRH:0
end_of_record
TN:
SF:src/actions/tracing/span.js
FN:33,(anonymous_0)
FN:61,(anonymous_1)
FN:70,(anonymous_2)
FN:79,(anonymous_3)
FN:88,(anonymous_4)
FN:97,(anonymous_5)
FN:106,(anonymous_6)
FN:115,(anonymous_7)
FN:124,(anonymous_8)
FN:133,(anonymous_9)
FN:142,(anonymous_10)
FN:151,(anonymous_11)
FN:171,(anonymous_12)
FN:186,(anonymous_13)
FN:198,(anonymous_14)
FN:211,(anonymous_15)
FN:227,(anonymous_16)
FN:244,(anonymous_17)
FN:254,(anonymous_18)
FNF:19
FNH:0
FNDA:0,(anonymous_0)
FNDA:0,(anonymous_1)
FNDA:0,(anonymous_2)
FNDA:0,(anonymous_3)
FNDA:0,(anonymous_4)
FNDA:0,(anonymous_5)
FNDA:0,(anonymous_6)
FNDA:0,(anonymous_7)
FNDA:0,(anonymous_8)
FNDA:0,(anonymous_9)
FNDA:0,(anonymous_10)
FNDA:0,(anonymous_11)
FNDA:0,(anonymous_12)
FNDA:0,(anonymous_13)
FNDA:0,(anonymous_14)
FNDA:0,(anonymous_15)
FNDA:0,(anonymous_16)
FNDA:0,(anonymous_17)
FNDA:0,(anonymous_18)
DA:34,0
DA:35,0
DA:37,0
DA:38,0
DA:40,0
DA:41,0
DA:44,0
DA:45,0
DA:46,0
DA:47,0
DA:48,0
DA:49,0
DA:50,0
DA:51,0
DA:52,0
DA:53,0
DA:62,0
DA:71,0
DA:80,0
DA:89,0
DA:98,0
DA:107,0
DA:116,0
DA:125,0
DA:134,0
DA:143,0
DA:152,0
DA:153,0
DA:156,0
DA:157,0
DA:160,0
DA:161,0
DA:172,0
DA:173,0
DA:174,0
DA:176,0
DA:187,0
DA:188,0
DA:190,0
DA:199,0
DA:200,0
DA:202,0
DA:212,0
DA:213,0
DA:215,0
DA:216,0
DA:217,0
DA:218,0
DA:228,0
DA:229,0
DA:231,0
DA:232,0
DA:236,0
DA:245,0
DA:254,0
LF:55
LH:0
BRDA:33,0,0,0
BRDA:34,1,0,0
BRDA:34,1,1,0
BRDA:37,2,0,0
BRDA:37,2,1,0
BRDA:37,3,0,0
BRDA:37,3,1,0
BRDA:40,4,0,0
BRDA:40,4,1,0
BRDA:40,5,0,0
BRDA:40,5,1,0
BRDA:152,6,0,0
BRDA:152,6,1,0
BRDA:160,7,0,0
BRDA:160,7,1,0
BRDA:173,8,0,0
BRDA:173,8,1,0
BRDA:187,9,0,0
BRDA:187,9,1,0
BRDA:199,10,0,0
BRDA:199,10,1,0
BRDA:199,11,0,0
BRDA:199,11,1,0
BRDA:212,12,0,0
BRDA:212,12,1,0
BRDA:228,13,0,0
BRDA:228,13,1,0
BRDA:231,14,0,0
BRDA:231,14,1,0
BRDA:255,15,0,0
BRDA:255,15,1,0
BRF:31
BRH:0
end_of_record
TN:
SF:src/actions/tracing/structuredTrace.js
FN:38,(anonymous_0)
FN:61,(anonymous_1)
FN:73,(anonymous_2)
FN:84,(anonymous_3)
FN:95,(anonymous_4)
FN:106,(anonymous_5)
FN:117,(anonymous_6)
FN:128,(anonymous_7)
FN:139,(anonymous_8)
FN:154,(anonymous_9)
FN:183,(anonymous_10)
FN:213,(anonymous_11)
FN:237,(anonymous_12)
FN:264,(anonymous_13)
FN:285,(anonymous_14)
FN:302,(anonymous_15)
FN:315,(anonymous_16)
FN:322,(anonymous_17)
FN:327,(anonymous_18)
FN:331,(anonymous_19)
FN:350,(anonymous_20)
FN:376,(anonymous_21)
FN:394,(anonymous_22)
FN:404,(anonymous_23)
FN:413,(anonymous_24)
FN:426,(anonymous_25)
FN:435,(anonymous_26)
FN:447,(anonymous_27)
FN:461,(anonymous_28)
FN:474,(anonymous_29)
FN:489,(anonymous_30)
FN:502,(anonymous_31)
FN:527,(anonymous_32)
FNF:33
FNH:0
FNDA:0,(anonymous_0)
FNDA:0,(anonymous_1)
FNDA:0,(anonymous_2)
FNDA:0,(anonymous_3)
FNDA:0,(anonymous_4)
FNDA:0,(anonymous_5)
FNDA:0,(anonymous_6)
FNDA:0,(anonymous_7)
FNDA:0,(anonymous_8)
FNDA:0,(anonymous_9)
FNDA:0,(anonymous_10)
FNDA:0,(anonymous_11)
FNDA:0,(anonymous_12)
FNDA:0,(anonymous_13)
FNDA:0,(anonymous_14)
FNDA:0,(anonymous_15)
FNDA:0,(anonymous_16)
FNDA:0,(anonymous_17)
FNDA:0,(anonymous_18)
FNDA:0,(anonymous_19)
FNDA:0,(anonymous_20)
FNDA:0,(anonymous_21)
FNDA:0,(anonymous_22)
FNDA:0,(anonymous_23)
FNDA:0,(anonymous_24)
FNDA:0,(anonymous_25)
FNDA:0,(anonymous_26)
FNDA:0,(anonymous_27)
FNDA:0,(anonymous_28)
FNDA:0,(anonymous_29)
FNDA:0,(anonymous_30)
FNDA:0,(anonymous_31)
FNDA:0,(anonymous_32)
DA:39,0
DA:40,0
DA:41,0
DA:42,0
DA:43,0
DA:44,0
DA:47,0
DA:48,0
DA:49,0
DA:62,0
DA:74,0
DA:85,0
DA:96,0
DA:107,0
DA:118,0
DA:129,0
DA:140,0
DA:155,0
DA:156,0
DA:157,0
DA:159,0
DA:160,0
DA:163,0
DA:166,0
DA:167,0
DA:170,0
DA:173,0
DA:174,0
DA:184,0
DA:185,0
DA:188,0
DA:189,0
DA:194,0
DA:197,0
DA:198,0
DA:200,0
DA:214,0
DA:216,0
DA:217,0
DA:218,0
DA:219,0
DA:221,0
DA:222,0
DA:224,0
DA:238,0
DA:240,0
DA:241,0
DA:243,0
DA:244,0
DA:246,0
DA:248,0
DA:249,0
DA:251,0
DA:265,0
DA:266,0
DA:269,0
DA:280,0
DA:286,0
DA:290,0
DA:291,0
DA:294,0
DA:303,0
DA:304,0
DA:314,0
DA:315,0
DA:318,0
DA:321,0
DA:322,0
DA:326,0
DA:327,0
DA:331,0
DA:335,0
DA:336,0
DA:337,0
DA:338,0
DA:339,0
DA:341,0
DA:345,0
DA:347,0
DA:350,0
DA:365,0
DA:366,0
DA:370,0
DA:371,0
DA:373,0
DA:374,0
DA:375,0
DA:376,0
DA:380,0
DA:381,0
DA:382,0
DA:386,0
DA:395,0
DA:396,0
DA:405,0
DA:414,0
DA:427,0
DA:436,0
DA:437,0
DA:440,0
DA:441,0
DA:444,0
DA:447,0
DA:448,0
DA:449,0
DA:453,0
DA:462,0
DA:463,0
DA:466,0
DA:467,0
DA:470,0
DA:473,0
DA:475,0
DA:476,0
DA:481,0
DA:490,0
DA:491,0
DA:494,0
DA:495,0
DA:498,0
DA:501,0
DA:504,0
DA:505,0
DA:508,0
DA:509,0
DA:514,0
DA:519,0
DA:528,0
LF:128
LH:0
BRDA:38,0,0,0
BRDA:38,1,0,0
BRDA:39,2,0,0
BRDA:39,2,1,0
BRDA:44,3,0,0
BRDA:44,3,1,0
BRDA:73,4,0,0
BRDA:154,5,0,0
BRDA:156,6,0,0
BRDA:156,6,1,0
BRDA:159,7,0,0
BRDA:159,7,1,0
BRDA:159,8,0,0
BRDA:159,8,1,0
BRDA:166,9,0,0
BRDA:166,9,1,0
BRDA:184,10,0,0
BRDA:184,10,1,0
BRDA:184,11,0,0
BRDA:184,11,1,0
BRDA:188,12,0,0
BRDA:188,12,1,0
BRDA:197,13,0,0
BRDA:197,13,1,0
BRDA:198,14,0,0
BRDA:198,14,1,0
BRDA:213,15,0,0
BRDA:237,16,0,0
BRDA:243,17,0,0
BRDA:243,17,1,0
BRDA:265,18,0,0
BRDA:265,18,1,0
BRDA:290,19,0,0
BRDA:290,19,1,0
BRDA:303,20,0,0
BRDA:303,20,1,0
BRDA:318,21,0,0
BRDA:318,21,1,0
BRDA:338,22,0,0
BRDA:338,22,1,0
BRDA:365,23,0,0
BRDA:365,23,1,0
BRDA:376,24,0,0
BRDA:376,24,1,0
BRDA:380,25,0,0
BRDA:380,25,1,0
BRDA:436,26,0,0
BRDA:436,26,1,0
BRDA:440,27,0,0
BRDA:440,27,1,0
BRDA:444,28,0,0
BRDA:444,28,1,0
BRDA:462,29,0,0
BRDA:462,29,1,0
BRDA:466,30,0,0
BRDA:466,30,1,0
BRDA:470,31,0,0
BRDA:470,31,1,0
BRDA:490,32,0,0
BRDA:490,32,1,0
BRDA:494,33,0,0
BRDA:494,33,1,0
BRDA:498,34,0,0
BRDA:498,34,1,0
BRDA:504,35,0,0
BRDA:504,35,1,0
BRDA:508,36,0,0
BRDA:508,36,1,0
BRF:68
BRH:0
end_of_record
TN:
SF:src/actions/tracing/traceAnalyzer.js
FN:36,(anonymous_0)
FN:62,(anonymous_1)
FN:72,(anonymous_2)
FN:79,(anonymous_3)
FN:86,(anonymous_4)
FN:89,(anonymous_5)
FN:103,(anonymous_6)
FN:105,(anonymous_7)
FN:108,(anonymous_8)
FN:127,(anonymous_9)
FN:139,(anonymous_10)
FN:176,(anonymous_11)
FN:186,(anonymous_12)
FN:211,(anonymous_13)
FN:230,(anonymous_14)
FN:242,(anonymous_15)
FN:272,(anonymous_16)
FN:274,(anonymous_17)
FN:280,(anonymous_18)
FN:299,(anonymous_19)
FN:310,(anonymous_20)
FN:316,(anonymous_21)
FN:353,(anonymous_22)
FN:385,(anonymous_23)
FN:394,(anonymous_24)
FN:395,(anonymous_25)
FN:414,(anonymous_26)
FN:421,(anonymous_27)
FN:435,(anonymous_28)
FN:463,(anonymous_29)
FN:475,(anonymous_30)
FN:531,(anonymous_31)
FN:540,(anonymous_32)
FNF:33
FNH:0
FNDA:0,(anonymous_0)
FNDA:0,(anonymous_1)
FNDA:0,(anonymous_2)
FNDA:0,(anonymous_3)
FNDA:0,(anonymous_4)
FNDA:0,(anonymous_5)
FNDA:0,(anonymous_6)
FNDA:0,(anonymous_7)
FNDA:0,(anonymous_8)
FNDA:0,(anonymous_9)
FNDA:0,(anonymous_10)
FNDA:0,(anonymous_11)
FNDA:0,(anonymous_12)
FNDA:0,(anonymous_13)
FNDA:0,(anonymous_14)
FNDA:0,(anonymous_15)
FNDA:0,(anonymous_16)
FNDA:0,(anonymous_17)
FNDA:0,(anonymous_18)
FNDA:0,(anonymous_19)
FNDA:0,(anonymous_20)
FNDA:0,(anonymous_21)
FNDA:0,(anonymous_22)
FNDA:0,(anonymous_23)
FNDA:0,(anonymous_24)
FNDA:0,(anonymous_25)
FNDA:0,(anonymous_26)
FNDA:0,(anonymous_27)
FNDA:0,(anonymous_28)
FNDA:0,(anonymous_29)
FNDA:0,(anonymous_30)
FNDA:0,(anonymous_31)
FNDA:0,(anonymous_32)
DA:37,0
DA:41,0
DA:42,0
DA:51,0
DA:52,0
DA:53,0
DA:54,0
DA:63,0
DA:64,0
DA:67,0
DA:68,0
DA:69,0
DA:72,0
DA:73,0
DA:74,0
DA:77,0
DA:78,0
DA:79,0
DA:82,0
DA:84,0
DA:86,0
DA:87,0
DA:89,0
DA:91,0
DA:102,0
DA:103,0
DA:105,0
DA:107,0
DA:108,0
DA:115,0
DA:127,0
DA:129,0
DA:130,0
DA:133,0
DA:134,0
DA:136,0
DA:137,0
DA:138,0
DA:139,0
DA:143,0
DA:144,0
DA:145,0
DA:149,0
DA:159,0
DA:176,0
DA:177,0
DA:187,0
DA:189,0
DA:190,0
DA:193,0
DA:194,0
DA:195,0
DA:197,0
DA:198,0
DA:199,0
DA:211,0
DA:213,0
DA:225,0
DA:226,0
DA:228,0
DA:229,0
DA:230,0
DA:231,0
DA:234,0
DA:243,0
DA:244,0
DA:247,0
DA:248,0
DA:251,0
DA:252,0
DA:253,0
DA:260,0
DA:261,0
DA:263,0
DA:264,0
DA:269,0
DA:270,0
DA:271,0
DA:272,0
DA:274,0
DA:276,0
DA:277,0
DA:280,0
DA:281,0
DA:282,0
DA:283,0
DA:284,0
DA:286,0
DA:299,0
DA:301,0
DA:302,0
DA:311,0
DA:312,0
DA:315,0
DA:316,0
DA:317,0
DA:319,0
DA:320,0
DA:322,0
DA:325,0
DA:326,0
DA:328,0
DA:329,0
DA:334,0
DA:335,0
DA:336,0
DA:343,0
DA:344,0
DA:346,0
DA:347,0
DA:352,0
DA:353,0
DA:364,0
DA:366,0
DA:367,0
DA:368,0
DA:370,0
DA:371,0
DA:379,0
DA:380,0
DA:381,0
DA:385,0
DA:393,0
DA:394,0
DA:395,0
DA:397,0
DA:406,0
DA:415,0
DA:416,0
DA:419,0
DA:421,0
DA:423,0
DA:424,0
DA:428,0
DA:429,0
DA:430,0
DA:431,0
DA:435,0
DA:438,0
DA:439,0
DA:440,0
DA:441,0
DA:442,0
DA:444,0
DA:445,0
DA:446,0
DA:447,0
DA:449,0
DA:450,0
DA:453,0
DA:454,0
DA:456,0
DA:457,0
DA:463,0
DA:465,0
DA:469,0
DA:472,0
DA:474,0
DA:475,0
DA:480,0
DA:481,0
DA:482,0
DA:483,0
DA:484,0
DA:485,0
DA:486,0
DA:494,0
DA:495,0
DA:496,0
DA:498,0
DA:507,0
DA:517,0
DA:532,0
DA:541,0
LF:174
LH:0
BRDA:63,0,0,0
BRDA:63,0,1,0
BRDA:68,1,0,0
BRDA:68,1,1,0
BRDA:73,2,0,0
BRDA:73,2,1,0
BRDA:79,3,0,0
BRDA:79,3,1,0
BRDA:84,4,0,0
BRDA:84,4,1,0
BRDA:89,5,0,0
BRDA:89,5,1,0
BRDA:93,6,0,0
BRDA:93,6,1,0
BRDA:96,7,0,0
BRDA:96,7,1,0
BRDA:96,8,0,0
BRDA:96,8,1,0
BRDA:103,9,0,0
BRDA:103,9,1,0
BRDA:103,10,0,0
BRDA:103,10,1,0
BRDA:129,11,0,0
BRDA:129,11,1,0
BRDA:139,12,0,0
BRDA:139,12,1,0
BRDA:143,13,0,0
BRDA:143,13,1,0
BRDA:177,14,0,0
BRDA:177,14,1,0
BRDA:177,15,0,0
BRDA:177,15,1,0
BRDA:186,16,0,0
BRDA:189,17,0,0
BRDA:189,17,1,0
BRDA:189,18,0,0
BRDA:189,18,1,0
BRDA:198,19,0,0
BRDA:198,19,1,0
BRDA:198,20,0,0
BRDA:198,20,1,0
BRDA:205,21,0,0
BRDA:205,21,1,0
BRDA:231,22,0,0
BRDA:231,22,1,0
BRDA:243,23,0,0
BRDA:243,23,1,0
BRDA:252,24,0,0
BRDA:252,24,1,0
BRDA:263,25,0,0
BRDA:263,25,1,0
BRDA:276,26,0,0
BRDA:276,26,1,0
BRDA:311,27,0,0
BRDA:311,27,1,0
BRDA:322,28,0,0
BRDA:322,28,1,0
BRDA:331,29,0,0
BRDA:331,29,1,0
BRDA:334,30,0,0
BRDA:334,30,1,0
BRDA:335,31,0,0
BRDA:335,31,1,0
BRDA:346,32,0,0
BRDA:346,32,1,0
BRDA:356,33,0,0
BRDA:356,33,1,0
BRDA:358,34,0,0
BRDA:358,34,1,0
BRDA:367,35,0,0
BRDA:367,35,1,0
BRDA:370,36,0,0
BRDA:370,36,1,0
BRDA:415,37,0,0
BRDA:415,37,1,0
BRDA:421,38,0,0
BRDA:421,38,1,0
BRDA:423,39,0,0
BRDA:423,39,1,0
BRDA:445,40,0,0
BRDA:445,40,1,0
BRDA:449,41,0,0
BRDA:449,41,1,0
BRDA:449,42,0,0
BRDA:449,42,1,0
BRDA:456,43,0,0
BRDA:456,43,1,0
BRDA:456,44,0,0
BRDA:456,44,1,0
BRDA:474,45,0,0
BRDA:474,45,1,0
BRDA:488,46,0,0
BRDA:488,46,1,0
BRF:93
BRH:0
end_of_record
TN:
SF:src/actions/tracing/traceContext.js
FN:43,(anonymous_0)
FN:66,(anonymous_1)
FN:79,(anonymous_2)
FN:92,(anonymous_3)
FN:105,(anonymous_4)
FN:118,(anonymous_5)
FN:131,(anonymous_6)
FNF:7
FNH:0
FNDA:0,(anonymous_0)
FNDA:0,(anonymous_1)
FNDA:0,(anonymous_2)
FNDA:0,(anonymous_3)
FNDA:0,(anonymous_4)
FNDA:0,(anonymous_5)
FNDA:0,(anonymous_6)
DA:6,0
DA:7,0
DA:8,0
DA:9,0
DA:10,0
DA:11,0
DA:33,0
DA:44,0
DA:52,0
DA:53,0
DA:56,0
DA:67,0
DA:80,0
DA:93,0
DA:106,0
DA:119,0
DA:132,0
LF:17
LH:0
BRDA:43,0,0,0
BRDA:52,1,0,0
BRDA:52,1,1,0
BRDA:52,2,0,0
BRDA:52,2,1,0
BRDA:67,3,0,0
BRDA:67,3,1,0
BRDA:80,4,0,0
BRDA:80,4,1,0
BRDA:93,5,0,0
BRDA:93,5,1,0
BRDA:106,6,0,0
BRDA:106,6,1,0
BRDA:119,7,0,0
BRDA:119,7,1,0
BRDA:132,8,0,0
BRDA:132,8,1,0
BRF:17
BRH:0
end_of_record
TN:
SF:src/actions/tracing/traceVisualizer.js
FN:30,(anonymous_0)
FN:53,(anonymous_1)
FN:198,(anonymous_2)
FN:207,(anonymous_3)
FN:226,(anonymous_4)
FN:233,(anonymous_5)
FN:234,(anonymous_6)
FN:307,(anonymous_7)
FN:394,(anonymous_8)
FN:432,(anonymous_9)
FN:454,(anonymous_10)
FN:457,(anonymous_11)
FN:558,(anonymous_12)
FNF:13
FNH:0
FNDA:0,(anonymous_0)
FNDA:0,(anonymous_1)
FNDA:0,(anonymous_2)
FNDA:0,(anonymous_3)
FNDA:0,(anonymous_4)
FNDA:0,(anonymous_5)
FNDA:0,(anonymous_6)
FNDA:0,(anonymous_7)
FNDA:0,(anonymous_8)
FNDA:0,(anonymous_9)
FNDA:0,(anonymous_10)
FNDA:0,(anonymous_11)
FNDA:0,(anonymous_12)
DA:31,0
DA:35,0
DA:36,0
DA:54,0
DA:55,0
DA:57,0
DA:58,0
DA:61,0
DA:64,0
DA:66,0
DA:67,0
DA:69,0
DA:79,0
DA:104,0
DA:105,0
DA:109,0
DA:110,0
DA:113,0
DA:114,0
DA:117,0
DA:120,0
DA:121,0
DA:129,0
DA:130,0
DA:134,0
DA:135,0
DA:140,0
DA:141,0
DA:148,0
DA:151,0
DA:152,0
DA:153,0
DA:154,0
DA:166,0
DA:167,0
DA:168,0
DA:175,0
DA:176,0
DA:177,0
DA:178,0
DA:180,0
DA:199,0
DA:200,0
DA:202,0
DA:203,0
DA:206,0
DA:207,0
DA:210,0
DA:211,0
DA:214,0
DA:219,0
DA:226,0
DA:228,0
DA:229,0
DA:230,0
DA:233,0
DA:234,0
DA:235,0
DA:238,0
DA:239,0
DA:242,0
DA:243,0
DA:253,0
DA:266,0
DA:268,0
DA:270,0
DA:271,0
DA:274,0
DA:275,0
DA:276,0
DA:279,0
DA:290,0
DA:302,0
DA:303,0
DA:305,0
DA:306,0
DA:307,0
DA:308,0
DA:311,0
DA:324,0
DA:325,0
DA:328,0
DA:329,0
DA:330,0
DA:333,0
DA:334,0
DA:336,0
DA:350,0
DA:351,0
DA:354,0
DA:355,0
DA:356,0
DA:362,0
DA:363,0
DA:366,0
DA:367,0
DA:368,0
DA:369,0
DA:371,0
DA:375,0
DA:377,0
DA:378,0
DA:385,0
DA:395,0
DA:396,0
DA:398,0
DA:399,0
DA:400,0
DA:403,0
DA:404,0
DA:405,0
DA:406,0
DA:409,0
DA:410,0
DA:411,0
DA:412,0
DA:416,0
DA:420,0
DA:421,0
DA:422,0
DA:423,0
DA:425,0
DA:429,0
DA:430,0
DA:431,0
DA:432,0
DA:435,0
DA:436,0
DA:439,0
DA:445,0
DA:455,0
DA:456,0
DA:457,0
DA:459,0
DA:460,0
DA:463,0
DA:464,0
DA:465,0
DA:467,0
DA:474,0
DA:476,0
DA:477,0
DA:478,0
DA:480,0
DA:488,0
DA:489,0
DA:492,0
DA:493,0
DA:496,0
DA:497,0
DA:498,0
DA:499,0
DA:509,0
DA:512,0
DA:523,0
DA:524,0
DA:537,0
DA:538,0
DA:541,0
DA:549,0
DA:559,0
LF:161
LH:0
BRDA:53,0,0,0
BRDA:57,1,0,0
BRDA:57,1,1,0
BRDA:61,2,0,0
BRDA:61,2,1,0
BRDA:104,3,0,0
BRDA:104,3,1,0
BRDA:104,4,0,0
BRDA:104,4,1,0
BRDA:109,5,0,0
BRDA:109,5,1,0
BRDA:109,6,0,0
BRDA:109,6,1,0
BRDA:113,7,0,0
BRDA:113,7,1,0
BRDA:120,8,0,0
BRDA:120,8,1,0
BRDA:120,9,0,0
BRDA:120,9,1,0
BRDA:129,10,0,0
BRDA:129,10,1,0
BRDA:129,11,0,0
BRDA:129,11,1,0
BRDA:134,12,0,0
BRDA:134,12,1,0
BRDA:140,13,0,0
BRDA:140,13,1,0
BRDA:151,14,0,0
BRDA:151,14,1,0
BRDA:151,15,0,0
BRDA:151,15,1,0
BRDA:152,16,0,0
BRDA:152,16,1,0
BRDA:166,17,0,0
BRDA:166,17,1,0
BRDA:166,18,0,0
BRDA:166,18,1,0
BRDA:167,19,0,0
BRDA:167,19,1,0
BRDA:175,20,0,0
BRDA:175,20,1,0
BRDA:198,21,0,0
BRDA:202,22,0,0
BRDA:202,22,1,0
BRDA:207,23,0,0
BRDA:207,23,1,0
BRDA:210,24,0,0
BRDA:210,24,1,0
BRDA:214,25,0,0
BRDA:214,25,1,0
BRDA:270,26,0,0
BRDA:270,26,1,0
BRDA:275,27,0,0
BRDA:275,27,1,0
BRDA:275,28,0,0
BRDA:275,28,1,0
BRDA:308,29,0,0
BRDA:308,29,1,0
BRDA:366,30,0,0
BRDA:366,30,1,0
BRDA:368,31,0,0
BRDA:368,31,1,0
BRDA:377,32,0,0
BRDA:377,32,1,0
BRDA:394,33,0,0
BRDA:409,34,0,0
BRDA:409,34,1,0
BRDA:420,35,0,0
BRDA:420,35,1,0
BRDA:429,36,0,0
BRDA:429,36,1,0
BRDA:454,37,0,0
BRDA:459,38,0,0
BRDA:459,38,1,0
BRDA:488,39,0,0
BRDA:488,39,1,0
BRDA:488,40,0,0
BRDA:488,40,1,0
BRDA:492,41,0,0
BRDA:492,41,1,0
BRDA:496,42,0,0
BRDA:496,42,1,0
BRDA:496,43,0,0
BRDA:496,43,1,0
BRDA:537,44,0,0
BRDA:537,44,1,0
BRDA:549,45,0,0
BRDA:549,45,1,0
BRDA:558,46,0,0
BRF:89
BRH:0
end_of_record
TN:
SF:src/actions/tracing/types.js
FNF:0
FNH:0
LF:0
LH:0
BRF:0
BRH:0
end_of_record
TN:
SF:src/actions/utils/discoveryErrorUtils.js
FN:19,createActionErrorContext
FN:41,extractTargetId
FNF:2
FNH:0
FNDA:0,createActionErrorContext
FNDA:0,extractTargetId
DA:21,0
DA:22,0
DA:24,0
DA:25,0
DA:27,0
DA:28,0
DA:31,0
DA:43,0
DA:44,0
DA:48,0
LF:10
LH:0
BRDA:21,0,0,0
BRDA:21,0,1,0
BRDA:24,1,0,0
BRDA:24,1,1,0
BRDA:27,2,0,0
BRDA:27,2,1,0
BRDA:43,3,0,0
BRDA:43,3,1,0
BRDA:48,4,0,0
BRDA:48,4,1,0
BRDA:48,4,2,0
BRDA:48,4,3,0
BRF:12
BRH:0
end_of_record
TN:
SF:src/actions/validation/actionValidationContextBuilder.js
FN:32,(anonymous_0)
FN:56,(anonymous_1)
FNF:2
FNH:0
FNDA:0,(anonymous_0)
FNDA:0,(anonymous_1)
DA:33,0
DA:34,0
DA:41,0
DA:58,0
DA:60,0
DA:65,0
DA:72,0
DA:76,0
DA:88,0
DA:89,0
DA:91,0
LF:11
LH:0
BRF:0
BRH:0
end_of_record
TN:
SF:src/actions/validation/conditionReferenceResolver.js
FN:15,resolveReferences
FNF:1
FNH:0
FNDA:0,resolveReferences
DA:21,0
LF:1
LH:0
BRDA:19,0,0,0
BRF:1
BRH:0
end_of_record
TN:
SF:src/actions/validation/contextBuilders.js
FN:16,buildActorContext
FNF:1
FNH:0
FNDA:0,buildActorContext
DA:18,0
LF:1
LH:0
BRF:0
BRH:0
end_of_record
TN:
SF:src/actions/validation/inputValidators.js
FN:16,validateActionInputs
FNF:1
FNH:0
FNDA:0,validateActionInputs
DA:17,0
DA:18,0
DA:21,0
DA:22,0
DA:25,0
DA:26,0
DA:29,0
DA:30,0
DA:33,0
LF:9
LH:0
BRDA:17,0,0,0
BRDA:17,0,1,0
BRDA:17,1,0,0
BRDA:17,1,1,0
BRDA:21,2,0,0
BRDA:21,2,1,0
BRDA:21,3,0,0
BRDA:21,3,1,0
BRDA:25,4,0,0
BRDA:25,4,1,0
BRDA:25,5,0,0
BRDA:25,5,1,0
BRDA:29,6,0,0
BRDA:29,6,1,0
BRDA:29,7,0,0
BRDA:29,7,1,0
BRF:16
BRH:0
end_of_record
TN:
SF:src/actions/validation/prerequisiteEvaluationService.js
FN:51,(anonymous_0)
FN:93,(anonymous_1)
FN:99,(anonymous_2)
FN:124,(anonymous_3)
FN:148,(anonymous_4)
FN:163,(anonymous_5)
FN:341,(anonymous_6)
FN:353,(anonymous_7)
FN:466,(anonymous_8)
FN:567,(anonymous_9)
FN:576,(anonymous_10)
FNF:11
FNH:0
FNDA:0,(anonymous_0)
FNDA:0,(anonymous_1)
FNDA:0,(anonymous_2)
FNDA:0,(anonymous_3)
FNDA:0,(anonymous_4)
FNDA:0,(anonymous_5)
FNDA:0,(anonymous_6)
FNDA:0,(anonymous_7)
FNDA:0,(anonymous_8)
FNDA:0,(anonymous_9)
FNDA:0,(anonymous_10)
DA:38,0
DA:57,0
DA:58,0
DA:73,0
DA:74,0
DA:75,0
DA:77,0
DA:94,0
DA:95,0
DA:100,0
DA:105,0
DA:106,0
DA:110,0
DA:125,0
DA:130,0
DA:135,0
DA:137,0
DA:149,0
DA:164,0
DA:165,0
DA:170,0
DA:171,0
DA:173,0
DA:176,0
DA:179,0
DA:194,0
DA:195,0
DA:199,0
DA:206,0
DA:207,0
DA:209,0
DA:212,0
DA:214,0
DA:215,0
DA:220,0
DA:226,0
DA:234,0
DA:235,0
DA:240,0
DA:245,0
DA:252,0
DA:255,0
DA:269,0
DA:270,0
DA:273,0
DA:274,0
DA:280,0
DA:285,0
DA:286,0
DA:287,0
DA:293,0
DA:300,0
DA:301,0
DA:309,0
DA:312,0
DA:313,0
DA:318,0
DA:326,0
DA:350,0
DA:351,0
DA:354,0
DA:372,0
DA:402,0
DA:403,0
DA:411,0
DA:415,0
DA:416,0
DA:423,0
DA:428,0
DA:437,0
DA:440,0
DA:460,0
DA:463,0
DA:464,0
DA:467,0
DA:482,0
DA:506,0
DA:508,0
DA:512,0
DA:517,0
DA:518,0
DA:520,0
DA:525,0
DA:536,0
DA:541,0
DA:544,0
DA:550,0
DA:553,0
DA:568,0
DA:569,0
DA:570,0
DA:573,0
DA:574,0
DA:577,0
DA:595,0
DA:626,0
DA:629,0
DA:631,0
DA:632,0
DA:635,0
DA:636,0
DA:639,0
DA:645,0
DA:651,0
DA:652,0
DA:656,0
DA:659,0
DA:667,0
DA:675,0
DA:676,0
DA:680,0
DA:686,0
LF:112
LH:0
BRDA:93,0,0,0
BRDA:105,1,0,0
BRDA:105,1,1,0
BRDA:125,2,0,0
BRDA:125,2,1,0
BRDA:126,3,0,0
BRDA:126,3,1,0
BRDA:126,3,2,0
BRDA:164,4,0,0
BRDA:164,4,1,0
BRDA:170,5,0,0
BRDA:170,5,1,0
BRDA:206,6,0,0
BRDA:206,6,1,0
BRDA:214,7,0,0
BRDA:214,7,1,0
BRDA:234,8,0,0
BRDA:234,8,1,0
BRDA:234,9,0,0
BRDA:234,9,1,0
BRDA:275,10,0,0
BRDA:275,10,1,0
BRDA:285,11,0,0
BRDA:285,11,1,0
BRDA:288,12,0,0
BRDA:288,12,1,0
BRDA:289,13,0,0
BRDA:289,13,1,0
BRDA:304,14,0,0
BRDA:304,14,1,0
BRDA:312,15,0,0
BRDA:312,15,1,0
BRDA:322,16,0,0
BRDA:322,16,1,0
BRDA:347,17,0,0
BRDA:350,18,0,0
BRDA:350,18,1,0
BRDA:400,19,0,0
BRDA:403,20,0,0
BRDA:403,20,1,0
BRDA:459,21,0,0
BRDA:463,22,0,0
BRDA:463,22,1,0
BRDA:504,23,0,0
BRDA:525,24,0,0
BRDA:525,24,1,0
BRDA:567,25,0,0
BRDA:569,26,0,0
BRDA:569,26,1,0
BRDA:570,27,0,0
BRDA:570,27,1,0
BRDA:573,28,0,0
BRDA:573,28,1,0
BRDA:589,29,0,0
BRDA:589,29,1,0
BRDA:631,30,0,0
BRDA:631,30,1,0
BRDA:631,31,0,0
BRDA:631,31,1,0
BRDA:651,32,0,0
BRDA:651,32,1,0
BRDA:662,33,0,0
BRDA:662,33,1,0
BRDA:675,34,0,0
BRDA:675,34,1,0
BRF:65
BRH:0
end_of_record
TN:
SF:src/actions/validation/validationErrorUtils.js
FN:11,formatValidationError
FNF:1
FNH:0
FNDA:0,formatValidationError
DA:12,0
DA:13,0
DA:14,0
DA:15,0
DA:18,0
DA:19,0
DA:22,0
LF:7
LH:0
BRDA:18,0,0,0
BRDA:18,0,1,0
BRF:2
BRH:0
end_of_record
TN:
SF:src/adapters/DefaultComponentPolicy.js
FN:16,validationSucceeded
FN:28,formatValidationErrors
FN:47,(anonymous_2)
FNF:3
FNH:0
FNDA:0,validationSucceeded
FNDA:0,formatValidationErrors
FNDA:0,(anonymous_2)
DA:17,0
DA:18,0
DA:19,0
DA:29,0
DA:30,0
DA:32,0
DA:48,0
DA:49,0
DA:52,0
DA:62,0
DA:63,0
DA:65,0
DA:68,0
DA:69,0
DA:70,0
DA:71,0
DA:72,0
DA:73,0
DA:74,0
DA:75,0
DA:77,0
DA:79,0
LF:22
LH:0
BRDA:17,0,0,0
BRDA:17,0,1,0
BRDA:17,1,0,0
BRDA:17,1,1,0
BRDA:18,2,0,0
BRDA:18,2,1,0
BRDA:29,3,0,0
BRDA:29,3,1,0
BRDA:29,4,0,0
BRDA:29,4,1,0
BRDA:29,4,2,0
BRDA:48,5,0,0
BRDA:48,5,1,0
BRDA:63,6,0,0
BRDA:63,6,1,0
BRDA:71,7,0,0
BRDA:71,7,1,0
BRF:17
BRH:0
end_of_record
TN:
SF:src/adapters/GameEngineLoadAdapter.js
FN:23,(anonymous_0)
FN:29,(anonymous_1)
FNF:2
FNH:0
FNDA:0,(anonymous_0)
FNDA:0,(anonymous_1)
DA:24,0
DA:25,0
DA:30,0
LF:3
LH:0
BRF:0
BRH:0
end_of_record
TN:
SF:src/adapters/GameEngineSaveAdapter.js
FN:23,(anonymous_0)
FN:29,(anonymous_1)
FNF:2
FNH:0
FNDA:0,(anonymous_0)
FNDA:0,(anonymous_1)
DA:24,0
DA:25,0
DA:30,0
LF:3
LH:0
BRF:0
BRH:0
end_of_record
TN:
SF:src/adapters/InMemoryEntityRepository.js
FN:13,(anonymous_0)
FN:19,(anonymous_1)
FN:28,(anonymous_2)
FN:33,(anonymous_3)
FN:38,(anonymous_4)
FN:43,(anonymous_5)
FN:52,(anonymous_6)
FNF:7
FNH:0
FNDA:0,(anonymous_0)
FNDA:0,(anonymous_1)
FNDA:0,(anonymous_2)
FNDA:0,(anonymous_3)
FNDA:0,(anonymous_4)
FNDA:0,(anonymous_5)
FNDA:0,(anonymous_6)
DA:14,0
DA:15,0
DA:20,0
DA:21,0
DA:23,0
DA:29,0
DA:34,0
DA:39,0
DA:44,0
DA:53,0
LF:10
LH:0
BRDA:20,0,0,0
BRDA:20,0,1,0
BRDA:20,1,0,0
BRDA:20,1,1,0
BRF:4
BRH:0
end_of_record
TN:
SF:src/adapters/LodashCloner.js
FN:10,LodashCloner
FNF:1
FNH:0
FNDA:0,LodashCloner
DA:11,0
LF:1
LH:0
BRF:0
BRH:0
end_of_record
TN:
SF:src/adapters/UuidGenerator.js
FN:8,UuidGenerator
FNF:1
FNH:0
FNDA:0,UuidGenerator
DA:9,0
LF:1
LH:0
BRF:0
BRH:0
end_of_record
TN:
SF:src/adapters/fnLoadOrderResolverAdapter.js
FN:19,(anonymous_0)
FN:37,(anonymous_1)
FNF:2
FNH:0
FNDA:0,(anonymous_0)
FNDA:0,(anonymous_1)
DA:20,0
DA:21,0
DA:27,0
DA:38,0
LF:4
LH:0
BRDA:20,0,0,0
BRDA:20,0,1,0
BRF:2
BRH:0
end_of_record
TN:
SF:src/ai/notesPersistenceHook.js
FN:29,persistNotes
FN:142,(anonymous_1)
FNF:2
FNH:0
FNDA:0,persistNotes
FNDA:0,(anonymous_1)
DA:39,0
DA:40,0
DA:43,0
DA:46,0
DA:47,0
DA:48,0
DA:54,0
DA:58,0
DA:59,0
DA:63,0
DA:64,0
DA:66,0
DA:73,0
DA:74,0
DA:75,0
DA:76,0
DA:84,0
DA:85,0
DA:86,0
DA:96,0
DA:99,0
DA:102,0
DA:103,0
DA:106,0
DA:107,0
DA:108,0
DA:109,0
DA:110,0
DA:114,0
DA:122,0
DA:123,0
DA:126,0
DA:131,0
DA:132,0
DA:139,0
DA:141,0
DA:142,0
DA:143,0
DA:146,0
LF:39
LH:0
BRDA:34,0,0,0
BRDA:35,1,0,0
BRDA:36,2,0,0
BRDA:39,3,0,0
BRDA:39,3,1,0
BRDA:39,4,0,0
BRDA:39,4,1,0
BRDA:46,5,0,0
BRDA:46,5,1,0
BRDA:47,6,0,0
BRDA:47,6,1,0
BRDA:51,7,0,0
BRDA:51,7,1,0
BRDA:58,8,0,0
BRDA:58,8,1,0
BRDA:66,9,0,0
BRDA:66,9,1,0
BRDA:67,10,0,0
BRDA:67,10,1,0
BRDA:67,10,2,0
BRDA:67,10,3,0
BRDA:73,11,0,0
BRDA:73,11,1,0
BRDA:75,12,0,0
BRDA:75,12,1,0
BRDA:84,13,0,0
BRDA:84,13,1,0
BRDA:84,14,0,0
BRDA:84,14,1,0
BRDA:85,15,0,0
BRDA:85,15,1,0
BRDA:102,16,0,0
BRDA:102,16,1,0
BRDA:106,17,0,0
BRDA:106,17,1,0
BRDA:106,18,0,0
BRDA:106,18,1,0
BRDA:107,19,0,0
BRDA:107,19,1,0
BRDA:107,20,0,0
BRDA:107,20,1,0
BRDA:109,21,0,0
BRDA:109,21,1,0
BRDA:109,22,0,0
BRDA:109,22,1,0
BRDA:122,23,0,0
BRDA:122,23,1,0
BRDA:131,24,0,0
BRDA:131,24,1,0
BRDA:141,25,0,0
BRDA:141,25,1,0
BRF:51
BRH:0
end_of_record
TN:
SF:src/ai/notesPersistenceListener.js
FN:27,(anonymous_0)
FN:32,(anonymous_1)
FN:50,(anonymous_2)
FNF:3
FNH:0
FNDA:0,(anonymous_0)
FNDA:0,(anonymous_1)
FNDA:0,(anonymous_2)
DA:32,0
DA:35,0
DA:36,0
DA:38,0
DA:39,0
DA:40,0
DA:41,0
DA:51,0
DA:53,0
DA:54,0
DA:58,0
DA:62,0
DA:64,0
DA:65,0
DA:66,0
DA:71,0
DA:81,0
LF:17
LH:0
BRDA:31,0,0,0
BRDA:32,1,0,0
BRDA:33,2,0,0
BRDA:51,3,0,0
BRDA:51,3,1,0
BRDA:51,4,0,0
BRDA:51,4,1,0
BRDA:58,5,0,0
BRDA:58,5,1,0
BRDA:59,6,0,0
BRDA:59,6,1,0
BRDA:65,7,0,0
BRDA:65,7,1,0
BRF:13
BRH:0
end_of_record
TN:
SF:src/ai/notesQueryService.js
FN:6,(anonymous_0)
FN:17,(anonymous_1)
FN:25,(anonymous_2)
FN:46,(anonymous_3)
FN:54,(anonymous_4)
FN:75,(anonymous_5)
FN:82,(anonymous_6)
FN:84,(anonymous_7)
FN:89,(anonymous_8)
FN:93,(anonymous_9)
FN:98,(anonymous_10)
FN:116,(anonymous_11)
FN:129,(anonymous_12)
FN:165,(anonymous_13)
FN:177,(anonymous_14)
FN:201,(anonymous_15)
FN:262,(anonymous_16)
FN:269,(anonymous_17)
FN:284,(anonymous_18)
FN:291,(anonymous_19)
FN:293,(anonymous_20)
FN:306,(anonymous_21)
FN:313,(anonymous_22)
FN:328,(anonymous_23)
FN:345,(anonymous_24)
FN:360,(anonymous_25)
FNF:26
FNH:0
FNDA:0,(anonymous_0)
FNDA:0,(anonymous_1)
FNDA:0,(anonymous_2)
FNDA:0,(anonymous_3)
FNDA:0,(anonymous_4)
FNDA:0,(anonymous_5)
FNDA:0,(anonymous_6)
FNDA:0,(anonymous_7)
FNDA:0,(anonymous_8)
FNDA:0,(anonymous_9)
FNDA:0,(anonymous_10)
FNDA:0,(anonymous_11)
FNDA:0,(anonymous_12)
FNDA:0,(anonymous_13)
FNDA:0,(anonymous_14)
FNDA:0,(anonymous_15)
FNDA:0,(anonymous_16)
FNDA:0,(anonymous_17)
FNDA:0,(anonymous_18)
FNDA:0,(anonymous_19)
FNDA:0,(anonymous_20)
FNDA:0,(anonymous_21)
FNDA:0,(anonymous_22)
FNDA:0,(anonymous_23)
FNDA:0,(anonymous_24)
FNDA:0,(anonymous_25)
DA:18,0
DA:19,0
DA:22,0
DA:23,0
DA:25,0
DA:26,0
DA:27,0
DA:30,0
DA:31,0
DA:47,0
DA:48,0
DA:51,0
DA:52,0
DA:54,0
DA:55,0
DA:56,0
DA:59,0
DA:60,0
DA:76,0
DA:77,0
DA:80,0
DA:81,0
DA:82,0
DA:84,0
DA:85,0
DA:86,0
DA:89,0
DA:91,0
DA:93,0
DA:94,0
DA:98,0
DA:99,0
DA:117,0
DA:118,0
DA:125,0
DA:127,0
DA:129,0
DA:130,0
DA:133,0
DA:138,0
DA:139,0
DA:140,0
DA:146,0
DA:147,0
DA:148,0
DA:153,0
DA:166,0
DA:167,0
DA:170,0
DA:171,0
DA:173,0
DA:174,0
DA:177,0
DA:178,0
DA:179,0
DA:182,0
DA:183,0
DA:202,0
DA:203,0
DA:206,0
DA:209,0
DA:210,0
DA:218,0
DA:219,0
DA:227,0
DA:228,0
DA:236,0
DA:237,0
DA:245,0
DA:246,0
DA:253,0
DA:263,0
DA:264,0
DA:267,0
DA:269,0
DA:270,0
DA:271,0
DA:275,0
DA:285,0
DA:286,0
DA:289,0
DA:291,0
DA:292,0
DA:293,0
DA:297,0
DA:307,0
DA:308,0
DA:311,0
DA:313,0
DA:314,0
DA:315,0
DA:319,0
DA:329,0
DA:330,0
DA:338,0
DA:345,0
DA:347,0
DA:348,0
DA:353,0
DA:354,0
DA:359,0
DA:360,0
DA:361,0
DA:366,0
LF:104
LH:0
BRDA:17,0,0,0
BRDA:18,1,0,0
BRDA:18,1,1,0
BRDA:18,2,0,0
BRDA:18,2,1,0
BRDA:22,3,0,0
BRDA:26,4,0,0
BRDA:26,4,1,0
BRDA:31,5,0,0
BRDA:31,5,1,0
BRDA:46,6,0,0
BRDA:47,7,0,0
BRDA:47,7,1,0
BRDA:47,8,0,0
BRDA:47,8,1,0
BRDA:51,9,0,0
BRDA:55,10,0,0
BRDA:55,10,1,0
BRDA:60,11,0,0
BRDA:60,11,1,0
BRDA:75,12,0,0
BRDA:76,13,0,0
BRDA:76,13,1,0
BRDA:76,14,0,0
BRDA:76,14,1,0
BRDA:80,15,0,0
BRDA:81,16,0,0
BRDA:81,16,1,0
BRDA:85,17,0,0
BRDA:85,17,1,0
BRDA:85,18,0,0
BRDA:85,18,1,0
BRDA:91,19,0,0
BRDA:91,19,1,0
BRDA:116,20,0,0
BRDA:117,21,0,0
BRDA:117,21,1,0
BRDA:117,22,0,0
BRDA:117,22,1,0
BRDA:122,23,0,0
BRDA:123,24,0,0
BRDA:124,25,0,0
BRDA:130,26,0,0
BRDA:130,26,1,0
BRDA:133,27,0,0
BRDA:133,27,1,0
BRDA:138,28,0,0
BRDA:138,28,1,0
BRDA:138,29,0,0
BRDA:138,29,1,0
BRDA:138,29,2,0
BRDA:140,30,0,0
BRDA:140,30,1,0
BRDA:146,31,0,0
BRDA:146,31,1,0
BRDA:146,32,0,0
BRDA:146,32,1,0
BRDA:146,32,2,0
BRDA:148,33,0,0
BRDA:148,33,1,0
BRDA:166,34,0,0
BRDA:166,34,1,0
BRDA:166,35,0,0
BRDA:166,35,1,0
BRDA:166,35,2,0
BRDA:173,36,0,0
BRDA:173,36,1,0
BRDA:173,37,0,0
BRDA:173,37,1,0
BRDA:178,38,0,0
BRDA:178,38,1,0
BRDA:183,39,0,0
BRDA:183,39,1,0
BRDA:183,39,2,0
BRDA:201,40,0,0
BRDA:202,41,0,0
BRDA:202,41,1,0
BRDA:209,42,0,0
BRDA:209,42,1,0
BRDA:218,43,0,0
BRDA:218,43,1,0
BRDA:227,44,0,0
BRDA:227,44,1,0
BRDA:236,45,0,0
BRDA:236,45,1,0
BRDA:245,46,0,0
BRDA:245,46,1,0
BRDA:245,47,0,0
BRDA:245,47,1,0
BRDA:263,48,0,0
BRDA:263,48,1,0
BRDA:270,49,0,0
BRDA:270,49,1,0
BRDA:285,50,0,0
BRDA:285,50,1,0
BRDA:292,51,0,0
BRDA:292,51,1,0
BRDA:307,52,0,0
BRDA:307,52,1,0
BRDA:314,53,0,0
BRDA:314,53,1,0
BRDA:329,54,0,0
BRDA:329,54,1,0
BRDA:347,55,0,0
BRDA:347,55,1,0
BRDA:349,56,0,0
BRDA:349,56,1,0
BRDA:353,57,0,0
BRDA:353,57,1,0
BRDA:355,58,0,0
BRDA:355,58,1,0
BRDA:359,59,0,0
BRDA:359,59,1,0
BRDA:361,60,0,0
BRDA:361,60,1,0
BRF:115
BRH:0
end_of_record
TN:
SF:src/ai/notesService.js
FN:13,normalizeNoteText
FN:40,(anonymous_1)
FN:55,(anonymous_2)
FN:70,(anonymous_3)
FN:71,(anonymous_4)
FNF:5
FNH:3
FNDA:1,normalizeNoteText
FNDA:2,(anonymous_1)
FNDA:2,(anonymous_2)
FNDA:0,(anonymous_3)
FNDA:0,(anonymous_4)
DA:14,1
DA:15,0
DA:19,1
DA:20,1
DA:24,1
DA:56,2
DA:57,0
DA:62,2
DA:63,2
DA:64,1
DA:68,1
DA:70,0
DA:71,0
DA:74,1
DA:76,1
DA:78,3
DA:84,2
DA:93,2
DA:94,1
DA:98,1
DA:99,1
DA:100,0
DA:104,1
DA:105,1
DA:106,1
DA:107,1
DA:112,1
LF:27
LH:22
BRDA:14,0,0,0
BRDA:14,0,1,1
BRDA:14,1,0,1
BRDA:14,1,1,1
BRDA:19,2,0,1
BRDA:19,2,1,0
BRDA:20,3,0,1
BRDA:20,3,1,0
BRDA:22,4,0,0
BRDA:22,4,1,0
BRDA:55,5,0,2
BRDA:56,6,0,0
BRDA:56,6,1,2
BRDA:56,7,0,2
BRDA:56,7,1,2
BRDA:63,8,0,1
BRDA:63,8,1,1
BRDA:70,9,0,0
BRDA:70,9,1,0
BRDA:78,10,0,2
BRDA:78,10,1,1
BRDA:79,11,0,3
BRDA:79,11,1,3
BRDA:79,11,2,3
BRDA:79,11,3,2
BRDA:87,12,0,2
BRDA:87,12,1,2
BRDA:90,13,0,2
BRDA:90,13,1,2
BRDA:93,14,0,1
BRDA:93,14,1,1
BRDA:99,15,0,0
BRDA:99,15,1,1
BRF:33
BRH:24
end_of_record
TN:
SF:src/ai/shortTermMemoryService.js
FN:17,(anonymous_0)
FN:33,(anonymous_1)
FN:82,(anonymous_2)
FNF:3
FNH:0
FNDA:0,(anonymous_0)
FNDA:0,(anonymous_1)
FNDA:0,(anonymous_2)
DA:18,0
DA:19,0
DA:34,0
DA:35,0
DA:41,0
DA:42,0
DA:43,0
DA:46,0
DA:47,0
DA:48,0
DA:49,0
DA:53,0
DA:55,0
DA:60,0
DA:64,0
DA:68,0
DA:69,0
DA:72,0
DA:83,0
DA:87,0
LF:20
LH:0
BRDA:17,0,0,0
BRDA:17,1,0,0
BRDA:17,2,0,0
BRDA:33,3,0,0
BRDA:34,4,0,0
BRDA:34,4,1,0
BRDA:34,5,0,0
BRDA:34,5,1,0
BRDA:42,6,0,0
BRDA:42,6,1,0
BRDA:46,7,0,0
BRDA:46,7,1,0
BRDA:47,8,0,0
BRDA:47,8,1,0
BRDA:48,9,0,0
BRDA:48,9,1,0
BRDA:53,10,0,0
BRDA:53,10,1,0
BRDA:64,11,0,0
BRDA:64,11,1,0
BRDA:64,12,0,0
BRDA:64,12,1,0
BRDA:83,13,0,0
BRDA:83,13,1,0
BRDA:84,14,0,0
BRDA:84,14,1,0
BRF:26
BRH:0
end_of_record
TN:
SF:src/ai/thoughtPersistenceHook.js
FN:30,persistThoughts
FNF:1
FNH:0
FNDA:0,persistThoughts
DA:40,0
DA:41,0
DA:42,0
DA:43,0
DA:44,0
DA:50,0
DA:52,0
DA:55,0
DA:60,0
DA:61,0
DA:62,0
DA:66,0
DA:73,0
LF:13
LH:0
BRDA:35,0,0,0
BRDA:36,1,0,0
BRDA:37,2,0,0
BRDA:41,3,0,0
BRDA:41,3,1,0
BRDA:43,4,0,0
BRDA:43,4,1,0
BRDA:47,5,0,0
BRDA:47,5,1,0
BRDA:60,6,0,0
BRDA:60,6,1,0
BRF:11
BRH:0
end_of_record
TN:
SF:src/ai/thoughtPersistenceListener.js
FN:25,(anonymous_0)
FN:30,(anonymous_1)
FN:48,(anonymous_2)
FNF:3
FNH:0
FNDA:0,(anonymous_0)
FNDA:0,(anonymous_1)
FNDA:0,(anonymous_2)
DA:30,0
DA:33,0
DA:34,0
DA:36,0
DA:37,0
DA:38,0
DA:39,0
DA:49,0
DA:51,0
DA:52,0
DA:56,0
DA:58,0
DA:59,0
DA:60,0
DA:63,0
DA:73,0
LF:16
LH:0
BRDA:29,0,0,0
BRDA:30,1,0,0
BRDA:31,2,0,0
BRDA:49,3,0,0
BRDA:49,3,1,0
BRDA:49,4,0,0
BRDA:49,4,1,0
BRDA:56,5,0,0
BRDA:56,5,1,0
BRDA:59,6,0,0
BRDA:59,6,1,0
BRF:11
BRH:0
end_of_record
TN:
SF:src/alerting/alertRouter.js
FN:39,(anonymous_0)
FN:59,(anonymous_1)
FN:63,(anonymous_2)
FN:83,(anonymous_3)
FN:111,(anonymous_4)
FN:112,(anonymous_5)
FN:114,(anonymous_6)
FN:150,(anonymous_7)
FN:156,(anonymous_8)
FN:175,(anonymous_9)
FNF:10
FNH:0
FNDA:0,(anonymous_0)
FNDA:0,(anonymous_1)
FNDA:0,(anonymous_2)
FNDA:0,(anonymous_3)
FNDA:0,(anonymous_4)
FNDA:0,(anonymous_5)
FNDA:0,(anonymous_6)
FNDA:0,(anonymous_7)
FNDA:0,(anonymous_8)
FNDA:0,(anonymous_9)
DA:41,0
DA:43,0
DA:45,0
DA:47,0
DA:49,0
DA:59,0
DA:61,0
DA:63,0
DA:65,0
DA:69,0
DA:84,0
DA:85,0
DA:87,0
DA:93,0
DA:94,0
DA:98,0
DA:101,0
DA:112,0
DA:113,0
DA:114,0
DA:115,0
DA:116,0
DA:118,0
DA:121,0
DA:123,0
DA:125,0
DA:126,0
DA:127,0
DA:128,0
DA:132,0
DA:136,0
DA:139,0
DA:140,0
DA:151,0
DA:152,0
DA:153,0
DA:156,0
DA:157,0
DA:158,0
DA:160,0
DA:163,0
DA:164,0
DA:176,0
DA:178,0
DA:181,0
DA:183,0
LF:46
LH:0
BRDA:85,0,0,0
BRDA:85,0,1,0
BRDA:93,1,0,0
BRDA:93,1,1,0
BRDA:118,2,0,0
BRDA:118,2,1,0
BRDA:118,3,0,0
BRDA:118,3,1,0
BRDA:121,4,0,0
BRDA:121,4,1,0
BRDA:125,5,0,0
BRDA:125,5,1,0
BRDA:127,6,0,0
BRDA:127,6,1,0
BRDA:151,7,0,0
BRDA:151,7,1,0
BRDA:178,8,0,0
BRDA:178,8,1,0
BRF:18
BRH:0
end_of_record
TN:
SF:src/alerting/statusCodeMapper.js
FN:34,getUserFriendlyMessage
FNF:1
FNH:0
FNDA:0,getUserFriendlyMessage
DA:17,0
DA:35,0
DA:36,0
DA:37,0
DA:38,0
DA:41,0
DA:43,0
DA:45,0
DA:46,0
DA:47,0
DA:49,0
DA:52,0
DA:59,0
LF:13
LH:0
BRDA:35,0,0,0
BRDA:35,0,1,0
BRDA:37,1,0,0
BRDA:37,1,1,0
BRDA:38,2,0,0
BRDA:38,2,1,0
BRDA:41,3,0,0
BRDA:41,3,1,0
BRDA:45,4,0,0
BRDA:45,4,1,0
BRDA:46,5,0,0
BRDA:46,5,1,0
BRDA:61,6,0,0
BRDA:61,6,1,0
BRF:14
BRH:0
end_of_record
TN:
SF:src/alerting/throttler.js
FN:65,(anonymous_0)
FN:84,(anonymous_1)
FN:102,(anonymous_2)
FNF:3
FNH:0
FNDA:0,(anonymous_0)
FNDA:0,(anonymous_1)
FNDA:0,(anonymous_2)
DA:35,0
DA:56,0
DA:66,0
DA:67,0
DA:71,0
DA:72,0
DA:85,0
DA:86,0
DA:88,0
DA:90,0
DA:91,0
DA:92,0
DA:96,0
DA:97,0
DA:102,0
DA:103,0
DA:106,0
DA:113,0
DA:125,0
DA:127,0
DA:128,0
DA:130,0
DA:131,0
DA:133,0
DA:135,0
DA:141,0
DA:145,0
DA:149,0
LF:28
LH:0
BRDA:66,0,0,0
BRDA:66,0,1,0
BRDA:66,1,0,0
BRDA:66,1,1,0
BRDA:88,2,0,0
BRDA:88,2,1,0
BRDA:90,3,0,0
BRDA:90,3,1,0
BRDA:127,4,0,0
BRDA:127,4,1,0
BRDA:127,5,0,0
BRDA:127,5,1,0
BRDA:130,6,0,0
BRDA:130,6,1,0
BRDA:131,7,0,0
BRDA:131,7,1,0
BRDA:141,8,0,0
BRDA:141,8,1,0
BRF:18
BRH:0
end_of_record
TN:
SF:src/anatomy/BodyDescriptionOrchestrator.js
FN:42,(anonymous_0)
FN:73,(anonymous_1)
FN:108,(anonymous_2)
FN:139,(anonymous_3)
FNF:4
FNH:0
FNDA:0,(anonymous_0)
FNDA:0,(anonymous_1)
FNDA:0,(anonymous_2)
FNDA:0,(anonymous_3)
DA:50,0
DA:51,0
DA:52,0
DA:53,0
DA:54,0
DA:55,0
DA:56,0
DA:57,0
DA:59,0
DA:60,0
DA:61,0
DA:62,0
DA:63,0
DA:64,0
DA:74,0
DA:75,0
DA:78,0
DA:81,0
DA:82,0
DA:86,0
DA:88,0
DA:93,0
DA:95,0
DA:99,0
DA:110,0
DA:113,0
DA:114,0
DA:115,0
DA:117,0
DA:126,0
DA:130,0
DA:140,0
DA:141,0
DA:145,0
DA:147,0
DA:148,0
DA:152,0
DA:153,0
DA:160,0
DA:165,0
DA:166,0
DA:167,0
DA:170,0
DA:174,0
DA:187,0
LF:45
LH:0
BRDA:50,0,0,0
BRDA:50,0,1,0
BRDA:51,1,0,0
BRDA:51,1,1,0
BRDA:53,2,0,0
BRDA:53,2,1,0
BRDA:54,3,0,0
BRDA:54,3,1,0
BRDA:55,4,0,0
BRDA:55,4,1,0
BRDA:56,5,0,0
BRDA:56,5,1,0
BRDA:74,6,0,0
BRDA:74,6,1,0
BRDA:74,7,0,0
BRDA:74,7,1,0
BRDA:81,8,0,0
BRDA:81,8,1,0
BRDA:81,9,0,0
BRDA:81,9,1,0
BRDA:113,10,0,0
BRDA:113,10,1,0
BRDA:113,11,0,0
BRDA:113,11,1,0
BRDA:115,12,0,0
BRDA:115,12,1,0
BRDA:120,13,0,0
BRDA:120,13,1,0
BRDA:140,14,0,0
BRDA:140,14,1,0
BRDA:145,15,0,0
BRDA:145,15,1,0
BRDA:148,16,0,0
BRDA:148,16,1,0
BRDA:153,17,0,0
BRDA:153,17,1,0
BRDA:154,18,0,0
BRDA:154,18,1,0
BRDA:154,18,2,0
BRDA:166,19,0,0
BRDA:166,19,1,0
BRF:41
BRH:0
end_of_record
TN:
SF:src/anatomy/DescriptionPersistenceService.js
FN:25,(anonymous_0)
FN:40,(anonymous_1)
FN:74,(anonymous_2)
FN:99,(anonymous_3)
FN:130,(anonymous_4)
FN:153,(anonymous_5)
FNF:6
FNH:0
FNDA:0,(anonymous_0)
FNDA:0,(anonymous_1)
FNDA:0,(anonymous_2)
FNDA:0,(anonymous_3)
FNDA:0,(anonymous_4)
FNDA:0,(anonymous_5)
DA:26,0
DA:27,0
DA:29,0
DA:30,0
DA:41,0
DA:42,0
DA:43,0
DA:44,0
DA:47,0
DA:51,0
DA:55,0
DA:58,0
DA:60,0
DA:64,0
DA:75,0
DA:76,0
DA:78,0
DA:79,0
DA:80,0
DA:82,0
DA:86,0
DA:90,0
DA:100,0
DA:101,0
DA:102,0
DA:103,0
DA:106,0
DA:107,0
DA:108,0
DA:111,0
DA:114,0
DA:116,0
DA:120,0
DA:131,0
DA:132,0
DA:133,0
DA:134,0
DA:137,0
DA:139,0
DA:143,0
DA:154,0
DA:155,0
DA:156,0
DA:158,0
LF:44
LH:0
BRDA:26,0,0,0
BRDA:26,0,1,0
BRDA:27,1,0,0
BRDA:27,1,1,0
BRDA:43,2,0,0
BRDA:43,2,1,0
BRDA:79,3,0,0
BRDA:79,3,1,0
BRDA:102,4,0,0
BRDA:102,4,1,0
BRDA:106,5,0,0
BRDA:106,5,1,0
BRDA:133,6,0,0
BRDA:133,6,1,0
BRDA:156,7,0,0
BRDA:156,7,1,0
BRF:16
BRH:0
end_of_record
TN:
SF:src/anatomy/PartDescriptionGenerator.js
FN:31,(anonymous_0)
FN:48,(anonymous_1)
FN:79,(anonymous_2)
FN:103,(anonymous_3)
FNF:4
FNH:0
FNDA:0,(anonymous_0)
FNDA:0,(anonymous_1)
FNDA:0,(anonymous_2)
FNDA:0,(anonymous_3)
DA:32,0
DA:33,0
DA:34,0
DA:35,0
DA:37,0
DA:38,0
DA:39,0
DA:49,0
DA:50,0
DA:51,0
DA:54,0
DA:59,0
DA:60,0
DA:61,0
DA:64,0
DA:67,0
DA:70,0
DA:80,0
DA:82,0
DA:83,0
DA:84,0
DA:85,0
DA:89,0
DA:93,0
DA:104,0
DA:105,0
DA:107,0
DA:110,0
DA:111,0
DA:116,0
LF:30
LH:0
BRDA:32,0,0,0
BRDA:32,0,1,0
BRDA:33,1,0,0
BRDA:33,1,1,0
BRDA:35,2,0,0
BRDA:35,2,1,0
BRDA:50,3,0,0
BRDA:50,3,1,0
BRDA:50,4,0,0
BRDA:50,4,1,0
BRDA:60,5,0,0
BRDA:60,5,1,0
BRDA:84,6,0,0
BRDA:84,6,1,0
BRDA:105,7,0,0
BRDA:105,7,1,0
BRDA:110,8,0,0
BRDA:110,8,1,0
BRDA:110,9,0,0
BRDA:110,9,1,0
BRF:20
BRH:0
end_of_record
TN:
SF:src/anatomy/anatomyCacheManager.js
FN:34,(anonymous_0)
FN:46,(anonymous_1)
FN:58,(anonymous_2)
FN:71,(anonymous_3)
FN:81,(anonymous_4)
FN:92,(anonymous_5)
FN:103,(anonymous_6)
FN:112,(anonymous_7)
FN:121,(anonymous_8)
FN:132,(anonymous_9)
FN:170,(anonymous_10)
FN:534,(anonymous_11)
FNF:12
FNH:0
FNDA:0,(anonymous_0)
FNDA:0,(anonymous_1)
FNDA:0,(anonymous_2)
FNDA:0,(anonymous_3)
FNDA:0,(anonymous_4)
FNDA:0,(anonymous_5)
FNDA:0,(anonymous_6)
FNDA:0,(anonymous_7)
FNDA:0,(anonymous_8)
FNDA:0,(anonymous_9)
FNDA:0,(anonymous_10)
FNDA:0,(anonymous_11)
DA:35,0
DA:37,0
DA:38,0
DA:47,0
DA:48,0
DA:59,0
DA:60,0
DA:62,0
DA:72,0
DA:82,0
DA:93,0
DA:94,0
DA:104,0
DA:113,0
DA:122,0
DA:133,0
DA:136,0
DA:137,0
DA:140,0
DA:141,0
DA:143,0
DA:144,0
DA:145,0
DA:148,0
DA:149,0
DA:154,0
DA:155,0
DA:158,0
DA:171,0
DA:172,0
DA:173,0
DA:174,0
DA:176,0
DA:182,0
DA:183,0
DA:186,0
DA:188,0
DA:200,0
DA:207,0
DA:220,0
DA:224,0
DA:227,0
DA:228,0
DA:229,0
DA:233,0
DA:234,0
DA:237,0
DA:239,0
DA:240,0
DA:241,0
DA:243,0
DA:248,0
DA:254,0
DA:258,0
DA:282,0
DA:283,0
DA:286,0
DA:289,0
DA:290,0
DA:292,0
DA:293,0
DA:294,0
DA:298,0
DA:304,0
DA:305,0
DA:306,0
DA:307,0
DA:308,0
DA:312,0
DA:317,0
DA:325,0
DA:329,0
DA:332,0
DA:334,0
DA:335,0
DA:336,0
DA:349,0
DA:352,0
DA:361,0
DA:387,0
DA:388,0
DA:392,0
DA:393,0
DA:397,0
DA:398,0
DA:399,0
DA:404,0
DA:405,0
DA:406,0
DA:410,0
DA:421,0
DA:444,0
DA:446,0
DA:447,0
DA:448,0
DA:451,0
DA:455,0
DA:456,0
DA:459,0
DA:465,0
DA:468,0
DA:469,0
DA:474,0
DA:475,0
DA:476,0
DA:477,0
DA:481,0
DA:482,0
DA:483,0
DA:489,0
DA:491,0
DA:495,0
DA:496,0
DA:501,0
DA:504,0
DA:514,0
DA:517,0
DA:521,0
DA:535,0
DA:536,0
DA:538,0
DA:540,0
DA:542,0
DA:543,0
DA:545,0
DA:546,0
DA:550,0
DA:551,0
DA:552,0
DA:553,0
DA:556,0
DA:557,0
DA:564,0
DA:565,0
DA:566,0
DA:571,0
LF:136
LH:0
BRDA:35,0,0,0
BRDA:35,0,1,0
BRDA:59,1,0,0
BRDA:59,1,1,0
BRDA:60,2,0,0
BRDA:60,2,1,0
BRDA:93,3,0,0
BRDA:93,3,1,0
BRDA:133,4,0,0
BRDA:133,4,1,0
BRDA:143,5,0,0
BRDA:143,5,1,0
BRDA:148,6,0,0
BRDA:148,6,1,0
BRDA:171,7,0,0
BRDA:171,7,1,0
BRDA:173,8,0,0
BRDA:173,8,1,0
BRDA:227,9,0,0
BRDA:227,9,1,0
BRDA:237,10,0,0
BRDA:237,10,1,0
BRDA:239,11,0,0
BRDA:239,11,1,0
BRDA:240,12,0,0
BRDA:240,12,1,0
BRDA:245,13,0,0
BRDA:245,13,1,0
BRDA:249,14,0,0
BRDA:249,14,1,0
BRDA:282,15,0,0
BRDA:282,15,1,0
BRDA:289,16,0,0
BRDA:289,16,1,0
BRDA:305,17,0,0
BRDA:305,17,1,0
BRDA:307,18,0,0
BRDA:307,18,1,0
BRDA:332,19,0,0
BRDA:332,19,1,0
BRDA:349,20,0,0
BRDA:349,20,1,0
BRDA:349,21,0,0
BRDA:349,21,1,0
BRDA:392,22,0,0
BRDA:392,22,1,0
BRDA:392,23,0,0
BRDA:392,23,1,0
BRDA:398,24,0,0
BRDA:398,24,1,0
BRDA:398,25,0,0
BRDA:398,25,1,0
BRDA:405,26,0,0
BRDA:405,26,1,0
BRDA:447,27,0,0
BRDA:447,27,1,0
BRDA:447,28,0,0
BRDA:447,28,1,0
BRDA:455,29,0,0
BRDA:455,29,1,0
BRDA:475,30,0,0
BRDA:475,30,1,0
BRDA:481,31,0,0
BRDA:481,31,1,0
BRDA:482,32,0,0
BRDA:482,32,1,0
BRDA:495,33,0,0
BRDA:495,33,1,0
BRDA:535,34,0,0
BRDA:535,34,1,0
BRDA:550,35,0,0
BRDA:550,35,1,0
BRDA:552,36,0,0
BRDA:552,36,1,0
BRDA:556,37,0,0
BRDA:556,37,1,0
BRDA:565,38,0,0
BRDA:565,38,1,0
BRF:78
BRH:0
end_of_record
TN:
SF:src/anatomy/anatomyDescriptionService.js
FN:13,(anonymous_0)
FN:43,(anonymous_1)
FN:91,(anonymous_2)
FN:127,(anonymous_3)
FN:173,(anonymous_4)
FN:232,(anonymous_5)
FN:260,(anonymous_6)
FN:271,(anonymous_7)
FNF:8
FNH:0
FNDA:0,(anonymous_0)
FNDA:0,(anonymous_1)
FNDA:0,(anonymous_2)
FNDA:0,(anonymous_3)
FNDA:0,(anonymous_4)
FNDA:0,(anonymous_5)
FNDA:0,(anonymous_6)
FNDA:0,(anonymous_7)
DA:25,0
DA:26,0
DA:27,0
DA:28,0
DA:29,0
DA:30,0
DA:33,0
DA:34,0
DA:35,0
DA:45,0
DA:47,0
DA:52,0
DA:53,0
DA:57,0
DA:61,0
DA:65,0
DA:66,0
DA:69,0
DA:72,0
DA:73,0
DA:77,0
DA:78,0
DA:79,0
DA:83,0
DA:93,0
DA:95,0
DA:96,0
DA:97,0
DA:102,0
DA:106,0
DA:107,0
DA:108,0
DA:113,0
DA:114,0
DA:115,0
DA:119,0
DA:129,0
DA:131,0
DA:134,0
DA:135,0
DA:140,0
DA:145,0
DA:148,0
DA:149,0
DA:150,0
DA:152,0
DA:153,0
DA:164,0
DA:175,0
DA:177,0
DA:180,0
DA:185,0
DA:190,0
DA:194,0
DA:195,0
DA:199,0
DA:201,0
DA:202,0
DA:206,0
DA:207,0
DA:212,0
DA:217,0
DA:218,0
DA:219,0
DA:220,0
DA:223,0
DA:234,0
DA:235,0
DA:239,0
DA:243,0
DA:244,0
DA:245,0
DA:249,0
DA:263,0
DA:272,0
DA:273,0
DA:274,0
DA:277,0
LF:78
LH:0
BRDA:45,0,0,0
BRDA:45,0,1,0
BRDA:52,1,0,0
BRDA:52,1,1,0
BRDA:65,2,0,0
BRDA:65,2,1,0
BRDA:65,3,0,0
BRDA:65,3,1,0
BRDA:72,4,0,0
BRDA:72,4,1,0
BRDA:72,5,0,0
BRDA:72,5,1,0
BRDA:93,6,0,0
BRDA:93,6,1,0
BRDA:96,7,0,0
BRDA:96,7,1,0
BRDA:96,8,0,0
BRDA:96,8,1,0
BRDA:107,9,0,0
BRDA:107,9,1,0
BRDA:107,10,0,0
BRDA:107,10,1,0
BRDA:114,11,0,0
BRDA:114,11,1,0
BRDA:129,12,0,0
BRDA:129,12,1,0
BRDA:134,13,0,0
BRDA:134,13,1,0
BRDA:148,14,0,0
BRDA:148,14,1,0
BRDA:148,15,0,0
BRDA:148,15,1,0
BRDA:150,16,0,0
BRDA:150,16,1,0
BRDA:152,17,0,0
BRDA:152,17,1,0
BRDA:156,18,0,0
BRDA:156,18,1,0
BRDA:175,19,0,0
BRDA:175,19,1,0
BRDA:180,20,0,0
BRDA:180,20,1,0
BRDA:181,21,0,0
BRDA:181,21,1,0
BRDA:181,21,2,0
BRDA:194,22,0,0
BRDA:194,22,1,0
BRDA:199,23,0,0
BRDA:199,23,1,0
BRDA:202,24,0,0
BRDA:202,24,1,0
BRDA:207,25,0,0
BRDA:207,25,1,0
BRDA:208,26,0,0
BRDA:208,26,1,0
BRDA:208,26,2,0
BRDA:218,27,0,0
BRDA:218,27,1,0
BRDA:234,28,0,0
BRDA:234,28,1,0
BRDA:244,29,0,0
BRDA:244,29,1,0
BRDA:273,30,0,0
BRDA:273,30,1,0
BRDA:273,31,0,0
BRDA:273,31,1,0
BRF:66
BRH:0
end_of_record
TN:
SF:src/anatomy/anatomyGenerationService.js
FN:52,(anonymous_0)
FN:116,(anonymous_1)
FN:180,(anonymous_2)
FNF:3
FNH:0
FNDA:0,(anonymous_0)
FNDA:0,(anonymous_1)
FNDA:0,(anonymous_2)
DA:61,0
DA:62,0
DA:63,0
DA:64,0
DA:65,0
DA:66,0
DA:67,0
DA:68,0
DA:69,0
DA:70,0
DA:71,0
DA:73,0
DA:74,0
DA:77,0
DA:85,0
DA:91,0
DA:97,0
DA:100,0
DA:117,0
DA:119,0
DA:121,0
DA:122,0
DA:123,0
DA:126,0
DA:129,0
DA:132,0
DA:133,0
DA:137,0
DA:141,0
DA:142,0
DA:145,0
DA:147,0
DA:152,0
DA:157,0
DA:158,0
DA:161,0
DA:164,0
DA:166,0
DA:170,0
DA:181,0
DA:187,0
DA:188,0
DA:189,0
DA:190,0
DA:191,0
DA:193,0
DA:196,0
DA:200,0
DA:204,0
LF:49
LH:0
BRDA:61,0,0,0
BRDA:61,0,1,0
BRDA:63,1,0,0
BRDA:63,1,1,0
BRDA:65,2,0,0
BRDA:65,2,1,0
BRDA:66,3,0,0
BRDA:66,3,1,0
BRDA:68,4,0,0
BRDA:68,4,1,0
BRDA:70,5,0,0
BRDA:70,5,1,0
BRDA:121,6,0,0
BRDA:121,6,1,0
BRDA:122,7,0,0
BRDA:122,7,1,0
BRDA:126,8,0,0
BRDA:126,8,1,0
BRDA:132,9,0,0
BRDA:132,9,1,0
BRDA:157,10,0,0
BRDA:157,10,1,0
BRDA:190,11,0,0
BRDA:190,11,1,0
BRF:24
BRH:0
end_of_record
TN:
SF:src/anatomy/anatomyGraphAlgorithms.js
FN:23,(anonymous_0)
FN:63,(anonymous_1)
FN:111,(anonymous_2)
FN:164,(anonymous_3)
FN:222,(anonymous_4)
FNF:5
FNH:0
FNDA:0,(anonymous_0)
FNDA:0,(anonymous_1)
FNDA:0,(anonymous_2)
FNDA:0,(anonymous_3)
FNDA:0,(anonymous_4)
DA:28,0
DA:30,0
DA:31,0
DA:32,0
DA:34,0
DA:35,0
DA:37,0
DA:38,0
DA:40,0
[...]
FNF:2
FNH:0
FNDA:0,registerSchema
FNDA:0,registerInlineSchema
DA:26,0
DA:27,0
DA:28,0
DA:31,0
DA:33,0
DA:59,0
DA:66,0
DA:68,0
DA:69,0
DA:76,0
DA:77,0
DA:82,0
DA:84,0
DA:85,0
DA:87,0
DA:89,0
DA:90,0
DA:95,0
DA:97,0
DA:98,0
DA:100,0
LF:21
LH:0
BRDA:27,0,0,0
BRDA:27,0,1,0
BRDA:29,1,0,0
BRDA:29,1,1,0
BRDA:57,2,0,0
BRDA:76,3,0,0
BRDA:76,3,1,0
BRDA:82,4,0,0
BRDA:82,4,1,0
BRDA:84,5,0,0
BRDA:84,5,1,0
BRDA:85,6,0,0
BRDA:85,6,1,0
BRDA:87,7,0,0
BRDA:87,7,1,0
BRDA:89,8,0,0
BRDA:89,8,1,0
BRDA:91,9,0,0
BRDA:91,9,1,0
BRDA:91,10,0,0
BRDA:91,10,1,0
BRDA:91,10,2,0
BRDA:97,11,0,0
BRDA:97,11,1,0
BRF:24
BRH:0
end_of_record
TN:
SF:src/utils/schemaValidationUtils.js
FN:35,validateAgainstSchema
FNF:1
FNH:0
FNDA:0,validateAgainstSchema
DA:52,0
DA:54,0
DA:55,0
DA:56,0
DA:57,0
DA:59,0
DA:62,0
DA:63,0
DA:65,0
DA:72,0
DA:73,0
DA:76,0
DA:78,0
DA:80,0
DA:83,0
DA:84,0
DA:85,0
DA:93,0
DA:94,0
DA:97,0
DA:100,0
LF:21
LH:0
BRDA:40,0,0,0
BRDA:45,1,0,0
BRDA:46,2,0,0
BRDA:49,3,0,0
BRDA:51,4,0,0
BRDA:54,5,0,0
BRDA:54,5,1,0
BRDA:55,6,0,0
BRDA:55,6,1,0
BRDA:56,7,0,0
BRDA:56,7,1,0
BRDA:62,8,0,0
BRDA:62,8,1,0
BRDA:66,9,0,0
BRDA:66,9,1,0
BRDA:66,9,2,0
BRDA:72,10,0,0
BRDA:72,10,1,0
BRDA:78,11,0,0
BRDA:78,11,1,0
BRDA:80,12,0,0
BRDA:80,12,1,0
BRDA:81,13,0,0
BRDA:81,13,1,0
BRDA:84,14,0,0
BRDA:84,14,1,0
BRDA:93,15,0,0
BRDA:93,15,1,0
BRDA:93,15,2,0
BRDA:94,16,0,0
BRDA:94,16,1,0
BRF:31
BRH:0
end_of_record
TN:
SF:src/utils/serviceBase.js
FN:19,(anonymous_0)
FNF:1
FNH:0
FNDA:0,(anonymous_0)
DA:20,0
LF:1
LH:0
BRF:0
BRH:0
end_of_record
TN:
SF:src/utils/serviceInitializerUtils.js
FN:28,(anonymous_0)
FN:40,(anonymous_1)
FN:66,(anonymous_2)
FN:79,(anonymous_3)
FN:95,setupServiceLogger
FN:107,validateServiceDeps
FN:135,setupService
FN:147,initHandlerLogger
FN:161,initializeServiceLogger
FN:172,resolveExecutionLogger
FNF:10
FNH:0
FNDA:0,(anonymous_0)
FNDA:0,(anonymous_1)
FNDA:0,(anonymous_2)
FNDA:0,(anonymous_3)
FNDA:0,setupServiceLogger
FNDA:0,validateServiceDeps
FNDA:0,setupService
FNDA:0,initHandlerLogger
FNDA:0,initializeServiceLogger
FNDA:0,resolveExecutionLogger
DA:29,0
DA:41,0
DA:43,0
DA:44,0
DA:45,0
DA:46,0
DA:47,0
DA:55,0
DA:67,0
DA:68,0
DA:69,0
DA:80,0
DA:86,0
DA:96,0
DA:108,0
DA:119,0
DA:136,0
DA:148,0
DA:162,0
DA:173,0
LF:20
LH:0
BRDA:41,0,0,0
BRDA:41,0,1,0
BRDA:46,1,0,0
BRDA:46,1,1,0
BRDA:80,2,0,0
BRDA:80,2,1,0
BRF:6
BRH:0
end_of_record
TN:
SF:src/utils/startupErrorHandler.js
FN:14,showErrorInElement
FN:31,createTemporaryErrorElement
FN:53,disableInput
FN:81,(anonymous_3)
FN:98,(anonymous_4)
FN:120,(anonymous_5)
FN:131,(anonymous_6)
FN:142,(anonymous_7)
FN:155,(anonymous_8)
FN:221,(anonymous_9)
FN:264,(anonymous_10)
FNF:11
FNH:0
FNDA:0,showErrorInElement
FNDA:0,createTemporaryErrorElement
FNDA:0,disableInput
FNDA:0,(anonymous_3)
FNDA:0,(anonymous_4)
FNDA:0,(anonymous_5)
FNDA:0,(anonymous_6)
FNDA:0,(anonymous_7)
FNDA:0,(anonymous_8)
FNDA:0,(anonymous_9)
FNDA:0,(anonymous_10)
DA:15,0
DA:16,0
DA:18,0
DA:19,0
DA:20,0
DA:32,0
DA:33,0
DA:35,0
DA:36,0
DA:37,0
DA:38,0
DA:39,0
DA:40,0
DA:41,0
DA:42,0
DA:43,0
DA:54,0
DA:55,0
DA:57,0
DA:58,0
DA:59,0
DA:82,0
DA:83,0
DA:84,0
DA:87,0
DA:99,0
DA:100,0
DA:106,0
DA:121,0
DA:132,0
DA:143,0
DA:156,0
DA:157,0
DA:158,0
DA:160,0
DA:161,0
DA:162,0
DA:168,0
DA:175,0
DA:176,0
DA:177,0
DA:178,0
DA:179,0
DA:182,0
DA:185,0
DA:186,0
DA:187,0
DA:193,0
DA:201,0
DA:202,0
DA:203,0
DA:208,0
DA:222,0
DA:223,0
DA:224,0
DA:228,0
DA:229,0
DA:230,0
DA:231,0
DA:236,0
DA:240,0
DA:241,0
DA:244,0
DA:245,0
DA:246,0
DA:247,0
DA:252,0
DA:265,0
DA:273,0
DA:275,0
DA:277,0
DA:283,0
DA:290,0
LF:73
LH:0
BRDA:15,0,0,0
BRDA:15,0,1,0
BRDA:15,1,0,0
BRDA:15,1,1,0
BRDA:32,2,0,0
BRDA:32,2,1,0
BRDA:32,3,0,0
BRDA:32,3,1,0
BRDA:54,4,0,0
BRDA:54,4,1,0
BRDA:54,5,0,0
BRDA:54,5,1,0
BRDA:81,6,0,0
BRDA:84,7,0,0
BRDA:84,7,1,0
BRDA:99,8,0,0
BRDA:99,8,1,0
BRDA:103,9,0,0
BRDA:103,9,1,0
BRDA:103,9,2,0
BRDA:108,10,0,0
BRDA:108,10,1,0
BRDA:160,11,0,0
BRDA:160,11,1,0
BRDA:161,12,0,0
BRDA:161,12,1,0
BRDA:175,13,0,0
BRDA:175,13,1,0
BRDA:178,14,0,0
BRDA:178,14,1,0
BRDA:185,15,0,0
BRDA:185,15,1,0
BRDA:186,16,0,0
BRDA:186,16,1,0
BRDA:201,17,0,0
BRDA:201,17,1,0
BRDA:223,18,0,0
BRDA:223,18,1,0
BRDA:223,19,0,0
BRDA:223,19,1,0
BRDA:229,20,0,0
BRDA:229,20,1,0
BRDA:230,21,0,0
BRDA:230,21,1,0
BRDA:245,22,0,0
BRDA:245,22,1,0
BRDA:246,23,0,0
BRDA:246,23,1,0
BRDA:270,24,0,0
BRDA:271,25,0,0
BRDA:272,26,0,0
BRF:51
BRH:0
end_of_record
TN:
SF:src/utils/staticErrorDispatcher.js
FN:31,(anonymous_0)
FN:58,(anonymous_1)
FN:86,(anonymous_2)
FN:114,safeDispatchError
FN:132,dispatchSystemErrorEvent
FN:155,dispatchValidationError
FNF:6
FNH:0
FNDA:0,(anonymous_0)
FNDA:0,(anonymous_1)
FNDA:0,(anonymous_2)
FNDA:0,safeDispatchError
FNDA:0,dispatchSystemErrorEvent
FNDA:0,dispatchValidationError
DA:32,0
DA:38,0
DA:44,0
DA:59,0
DA:65,0
DA:71,0
DA:87,0
DA:93,0
DA:99,0
DA:115,0
DA:138,0
DA:156,0
LF:12
LH:0
BRDA:31,0,0,0
BRDA:114,1,0,0
BRF:2
BRH:0
end_of_record
TN:
SF:src/utils/stringAccumulatorUtils.js
FN:29,(anonymous_0)
FN:39,(anonymous_1)
FN:50,(anonymous_2)
FN:60,(anonymous_3)
FNF:4
FNH:0
FNDA:0,(anonymous_0)
FNDA:0,(anonymous_1)
FNDA:0,(anonymous_2)
FNDA:0,(anonymous_3)
DA:18,0
DA:24,0
DA:30,0
DA:40,0
DA:41,0
DA:42,0
DA:51,0
DA:61,0
LF:8
LH:0
BRF:0
BRH:0
end_of_record
TN:
SF:src/utils/stringValidation.js
FN:15,validateNonEmptyString
FNF:1
FNH:0
FNDA:0,validateNonEmptyString
DA:16,0
LF:1
LH:0
BRDA:16,0,0,0
BRDA:16,0,1,0
BRDA:16,1,0,0
BRDA:16,1,1,0
BRF:4
BRH:0
end_of_record
TN:
SF:src/utils/structureResolver.js
FN:22,(anonymous_0)
FN:34,(anonymous_1)
FN:39,(anonymous_2)
FN:84,(anonymous_3)
FN:117,(anonymous_4)
FN:127,(anonymous_5)
FN:156,(anonymous_6)
FN:172,(anonymous_7)
FN:194,(anonymous_8)
FN:209,(anonymous_9)
FN:213,(anonymous_10)
FN:236,(anonymous_11)
FN:250,(anonymous_12)
FN:278,(anonymous_13)
FN:301,(anonymous_14)
FNF:15
FNH:0
FNDA:0,(anonymous_0)
FNDA:0,(anonymous_1)
FNDA:0,(anonymous_2)
FNDA:0,(anonymous_3)
FNDA:0,(anonymous_4)
FNDA:0,(anonymous_5)
FNDA:0,(anonymous_6)
FNDA:0,(anonymous_7)
FNDA:0,(anonymous_8)
FNDA:0,(anonymous_9)
FNDA:0,(anonymous_10)
FNDA:0,(anonymous_11)
FNDA:0,(anonymous_12)
FNDA:0,(anonymous_13)
FNDA:0,(anonymous_14)
DA:23,0
DA:24,0
DA:35,0
DA:36,0
DA:39,0
DA:41,0
DA:42,0
DA:43,0
DA:44,0
DA:45,0
DA:46,0
DA:47,0
DA:49,0
DA:51,0
DA:52,0
DA:53,0
DA:55,0
DA:58,0
DA:64,0
DA:69,0
DA:70,0
DA:74,0
DA:85,0
DA:86,0
DA:87,0
DA:88,0
DA:89,0
DA:90,0
DA:92,0
DA:93,0
DA:94,0
DA:96,0
DA:97,0
DA:103,0
DA:108,0
DA:118,0
DA:128,0
DA:129,0
DA:130,0
DA:134,0
DA:136,0
DA:137,0
DA:138,0
DA:139,0
DA:140,0
DA:145,0
DA:147,0
DA:157,0
DA:158,0
DA:159,0
DA:162,0
DA:163,0
DA:174,0
DA:175,0
DA:176,0
DA:177,0
DA:178,0
DA:179,0
DA:180,0
DA:181,0
DA:195,0
DA:196,0
DA:197,0
DA:200,0
DA:210,0
DA:211,0
DA:214,0
DA:218,0
DA:219,0
DA:221,0
DA:224,0
DA:237,0
DA:238,0
DA:240,0
DA:251,0
DA:253,0
DA:254,0
DA:255,0
DA:256,0
DA:262,0
DA:263,0
DA:265,0
DA:268,0
DA:279,0
DA:280,0
DA:283,0
DA:284,0
DA:287,0
DA:288,0
DA:291,0
DA:302,0
DA:303,0
DA:308,0
DA:312,0
DA:318,0
LF:95
LH:0
BRDA:35,0,0,0
BRDA:35,0,1,0
BRDA:35,1,0,0
BRDA:35,1,1,0
BRDA:43,2,0,0
BRDA:43,2,1,0
BRDA:43,3,0,0
BRDA:43,3,1,0
BRDA:45,4,0,0
BRDA:45,4,1,0
BRDA:46,5,0,0
BRDA:46,5,1,0
BRDA:55,6,0,0
BRDA:55,6,1,0
BRDA:58,7,0,0
BRDA:58,7,1,0
BRDA:59,8,0,0
BRDA:59,8,1,0
BRDA:59,8,2,0
BRDA:59,8,3,0
BRDA:69,9,0,0
BRDA:69,9,1,0
BRDA:87,10,0,0
BRDA:87,10,1,0
BRDA:87,11,0,0
BRDA:87,11,1,0
BRDA:89,12,0,0
BRDA:89,12,1,0
BRDA:96,13,0,0
BRDA:96,13,1,0
BRDA:97,14,0,0
BRDA:97,14,1,0
BRDA:98,15,0,0
BRDA:98,15,1,0
BRDA:98,15,2,0
BRDA:98,15,3,0
BRDA:129,16,0,0
BRDA:129,16,1,0
BRDA:139,17,0,0
BRDA:139,17,1,0
BRDA:141,18,0,0
BRDA:141,18,1,0
BRDA:142,19,0,0
BRDA:142,19,1,0
BRDA:158,20,0,0
BRDA:158,20,1,0
BRDA:179,21,0,0
BRDA:179,21,1,0
BRDA:180,22,0,0
BRDA:180,22,1,0
BRDA:196,23,0,0
BRDA:196,23,1,0
BRDA:218,24,0,0
BRDA:218,24,1,0
BRDA:224,25,0,0
BRDA:224,25,1,0
BRDA:237,26,0,0
BRDA:237,26,1,0
BRDA:237,27,0,0
BRDA:237,27,1,0
BRDA:255,28,0,0
BRDA:255,28,1,0
BRDA:262,29,0,0
BRDA:262,29,1,0
BRDA:268,30,0,0
BRDA:268,30,1,0
BRDA:279,31,0,0
BRDA:279,31,1,0
BRDA:283,32,0,0
BRDA:283,32,1,0
BRDA:287,33,0,0
BRDA:287,33,1,0
BRDA:287,34,0,0
BRDA:287,34,1,0
BRDA:287,34,2,0
BRDA:301,35,0,0
BRDA:301,36,0,0
BRDA:302,37,0,0
BRDA:302,37,1,0
BRDA:303,38,0,0
BRDA:303,38,1,0
BRDA:304,39,0,0
BRDA:304,39,1,0
BRDA:304,39,2,0
BRDA:312,40,0,0
BRDA:312,40,1,0
BRDA:314,41,0,0
BRDA:314,41,1,0
BRF:88
BRH:0
end_of_record
TN:
SF:src/utils/systemErrorDispatchUtils.js
FN:21,dispatchSystemErrorEvent
FNF:1
FNH:0
FNDA:0,dispatchSystemErrorEvent
DA:27,0
DA:28,0
DA:34,0
DA:35,0
LF:4
LH:0
BRDA:34,0,0,0
BRDA:34,0,1,0
BRDA:34,1,0,0
BRDA:34,1,1,0
BRF:4
BRH:0
end_of_record
TN:
SF:src/utils/textUtils.js
FN:17,ensureTerminalPunctuation
FN:41,snakeToCamel
FN:51,(anonymous_2)
FN:60,isNonBlankString
FN:70,padTwo
FN:81,formatPlaytime
FN:104,formatTimestamp
FNF:7
FNH:0
FNDA:0,ensureTerminalPunctuation
FNDA:0,snakeToCamel
FNDA:0,(anonymous_2)
FNDA:0,isNonBlankString
FNDA:0,padTwo
FNDA:0,formatPlaytime
FNDA:0,formatTimestamp
DA:18,0
DA:19,0
DA:21,0
DA:22,0
DA:23,0
DA:26,0
DA:27,0
DA:29,0
DA:42,0
DA:43,0
DA:46,0
DA:49,0
DA:51,0
DA:61,0
DA:71,0
DA:72,0
DA:82,0
DA:87,0
DA:90,0
DA:91,0
DA:92,0
DA:94,0
DA:105,0
DA:106,0
DA:107,0
DA:108,0
DA:110,0
DA:112,0
LF:28
LH:0
BRDA:18,0,0,0
BRDA:18,0,1,0
BRDA:18,1,0,0
BRDA:18,1,1,0
BRDA:22,2,0,0
BRDA:22,2,1,0
BRDA:26,3,0,0
BRDA:26,3,1,0
BRDA:42,4,0,0
BRDA:42,4,1,0
BRDA:46,5,0,0
BRDA:46,5,1,0
BRDA:61,6,0,0
BRDA:61,6,1,0
BRDA:72,7,0,0
BRDA:72,7,1,0
BRDA:82,8,0,0
BRDA:82,8,1,0
BRDA:83,9,0,0
BRDA:83,9,1,0
BRDA:83,9,2,0
BRDA:104,10,0,0
BRDA:107,11,0,0
BRDA:107,11,1,0
BRF:24
BRH:0
end_of_record
TN:
SF:src/utils/throttleUtils.js
FN:27,generateKey
FNF:1
FNH:0
FNDA:0,generateKey
DA:28,0
DA:29,0
DA:30,0
LF:3
LH:0
BRDA:28,0,0,0
BRDA:28,0,1,0
BRDA:29,1,0,0
BRDA:29,1,1,0
BRF:4
BRH:0
end_of_record
TN:
SF:src/utils/timeoutUtils.js
FN:19,createTimeoutError
FNF:1
FNH:0
FNDA:0,createTimeoutError
DA:21,0
DA:23,0
DA:24,0
DA:25,0
LF:4
LH:0
BRF:0
BRH:0
end_of_record
TN:
SF:src/utils/turnStateValidationUtils.js
FN:45,assertValidActor
FN:60,assertMatchingActor
FN:78,validateContextMethods
FN:82,(anonymous_3)
FN:97,validateActorInContext
FN:129,retrieveStrategyFromContext
FN:157,validateCommandString
FN:171,validateTurnAction
FNF:8
FNH:0
FNDA:0,assertValidActor
FNDA:0,assertMatchingActor
FNDA:0,validateContextMethods
FNDA:0,(anonymous_3)
FNDA:0,validateActorInContext
FNDA:0,retrieveStrategyFromContext
FNDA:0,validateCommandString
FNDA:0,validateTurnAction
DA:17,0
DA:31,0
DA:46,0
DA:47,0
DA:49,0
DA:61,0
DA:62,0
DA:63,0
DA:64,0
DA:66,0
DA:67,0
DA:69,0
DA:79,0
DA:80,0
DA:82,0
DA:98,0
DA:99,0
DA:100,0
DA:105,0
DA:106,0
DA:110,0
DA:111,0
DA:114,0
DA:130,0
DA:131,0
DA:136,0
DA:137,0
DA:138,0
DA:141,0
DA:142,0
DA:143,0
DA:144,0
DA:147,0
DA:158,0
DA:159,0
DA:172,0
DA:173,0
DA:175,0
DA:176,0
DA:177,0
DA:179,0
DA:183,0
LF:42
LH:0
BRDA:46,0,0,0
BRDA:46,0,1,0
BRDA:46,1,0,0
BRDA:46,1,1,0
BRDA:62,2,0,0
BRDA:62,2,1,0
BRDA:64,3,0,0
BRDA:64,3,1,0
BRDA:66,4,0,0
BRDA:66,4,1,0
BRDA:79,5,0,0
BRDA:79,5,1,0
BRDA:98,6,0,0
BRDA:98,6,1,0
BRDA:99,7,0,0
BRDA:99,7,1,0
BRDA:99,8,0,0
BRDA:99,8,1,0
BRDA:106,9,0,0
BRDA:106,9,1,0
BRDA:110,10,0,0
BRDA:110,10,1,0
BRDA:130,11,0,0
BRDA:130,11,1,0
BRDA:130,12,0,0
BRDA:130,12,1,0
BRDA:137,13,0,0
BRDA:137,13,1,0
BRDA:142,14,0,0
BRDA:142,14,1,0
BRDA:142,15,0,0
BRDA:142,15,1,0
BRDA:158,16,0,0
BRDA:158,16,1,0
BRDA:158,17,0,0
BRDA:158,17,1,0
BRDA:172,18,0,0
BRDA:172,18,1,0
BRDA:175,19,0,0
BRDA:175,19,1,0
BRDA:179,20,0,0
BRDA:179,20,1,0
BRDA:180,21,0,0
BRDA:180,21,1,0
BRF:44
BRH:0
end_of_record
TN:
SF:src/utils/validationCore.js
FN:22,(anonymous_0)
FN:36,(anonymous_1)
FN:54,(anonymous_2)
FN:70,(anonymous_3)
FN:96,(anonymous_4)
FN:113,(anonymous_5)
FN:121,(anonymous_6)
FN:142,(anonymous_7)
FN:160,(anonymous_8)
FN:172,(anonymous_9)
FNF:10
FNH:0
FNDA:0,(anonymous_0)
FNDA:0,(anonymous_1)
FNDA:0,(anonymous_2)
FNDA:0,(anonymous_3)
FNDA:0,(anonymous_4)
FNDA:0,(anonymous_5)
FNDA:0,(anonymous_6)
FNDA:0,(anonymous_7)
FNDA:0,(anonymous_8)
FNDA:0,(anonymous_9)
DA:15,0
DA:23,0
DA:37,0
DA:38,0
DA:39,0
DA:40,0
DA:41,0
DA:42,0
DA:55,0
DA:56,0
DA:58,0
DA:71,0
DA:73,0
DA:74,0
DA:75,0
DA:78,0
DA:79,0
DA:80,0
DA:87,0
DA:97,0
DA:98,0
DA:114,0
DA:115,0
DA:120,0
DA:121,0
DA:124,0
DA:125,0
DA:135,0
DA:143,0
DA:161,0
DA:173,0
DA:174,0
LF:32
LH:0
BRDA:38,0,0,0
BRDA:38,0,1,0
BRDA:39,1,0,0
BRDA:39,1,1,0
BRDA:40,2,0,0
BRDA:40,2,1,0
BRDA:55,3,0,0
BRDA:55,3,1,0
BRDA:73,4,0,0
BRDA:73,4,1,0
BRDA:97,5,0,0
BRDA:97,5,1,0
BRDA:114,6,0,0
BRDA:114,6,1,0
BRDA:114,7,0,0
BRDA:114,7,1,0
BRDA:124,8,0,0
BRDA:124,8,1,0
BRDA:144,9,0,0
BRDA:144,9,1,0
BRDA:144,9,2,0
BRDA:144,9,3,0
BRDA:144,9,4,0
BRDA:144,9,5,0
BRDA:172,10,0,0
BRDA:173,11,0,0
BRDA:173,11,1,0
BRF:27
BRH:0
end_of_record
TN:
SF:src/utils/warnUtils.js
FN:25,warnNoActiveTurn
FNF:1
FNH:0
FNDA:0,warnNoActiveTurn
DA:27,0
DA:30,0
DA:33,0
LF:3
LH:0
BRDA:27,0,0,0
BRDA:27,0,1,0
BRDA:31,1,0,0
BRDA:31,1,1,0
BRF:4
BRH:0
end_of_record
TN:
SF:src/utils/withValidatedDeps.js
FN:15,withValidatedDeps
FN:22,(anonymous_1)
FNF:2
FNH:0
FNDA:0,withValidatedDeps
FNDA:0,(anonymous_1)
DA:16,0
DA:23,0
DA:24,0
LF:3
LH:0
BRF:0
BRH:0
end_of_record
TN:
SF:src/utils/wrapperUtils.js
FN:14,resolveWrapper
FNF:1
FNH:0
FNDA:0,resolveWrapper
DA:15,0
DA:16,0
LF:2
LH:0
BRDA:15,0,0,0
BRDA:15,1,0,0
BRDA:15,2,0,0
BRDA:15,2,1,0
BRF:4
BRH:0
end_of_record
TN:
SF:src/utils/handlerUtils/indexUtils.js
FNF:0
FNH:0
LF:0
LH:0
BRF:0
BRH:0
end_of_record
TN:
SF:src/utils/handlerUtils/paramsUtils.js
FN:17,assertParamsObject
FN:43,validateStringParam
FNF:2
FNH:0
FNDA:0,assertParamsObject
FNDA:0,validateStringParam
DA:18,0
DA:19,0
DA:21,0
DA:23,0
DA:24,0
DA:25,0
DA:26,0
DA:28,0
DA:30,0
DA:44,0
DA:45,0
DA:47,0
DA:48,0
DA:49,0
DA:55,0
DA:56,0
DA:58,0
LF:17
LH:0
BRDA:18,0,0,0
BRDA:18,0,1,0
BRDA:19,1,0,0
BRDA:19,1,1,0
BRDA:23,2,0,0
BRDA:23,2,1,0
BRDA:23,3,0,0
BRDA:23,3,1,0
BRDA:25,4,0,0
BRDA:25,4,1,0
BRDA:25,5,0,0
BRDA:25,5,1,0
BRDA:44,6,0,0
BRDA:44,6,1,0
BRDA:47,7,0,0
BRDA:47,7,1,0
BRDA:48,8,0,0
BRDA:48,8,1,0
BRDA:55,9,0,0
BRDA:55,9,1,0
BRDA:55,10,0,0
BRDA:55,10,1,0
BRF:22
BRH:0
end_of_record
TN:
SF:src/utils/initialization/commonInitialization.js
FN:9,initializeCoreServices
FN:30,initializeAnatomyServices
FN:57,initializeAuxiliaryServices
FNF:3
FNH:0
FNDA:0,initializeCoreServices
FNDA:0,initializeAnatomyServices
FNDA:0,initializeAuxiliaryServices
DA:10,0
DA:19,0
DA:20,0
DA:31,0
DA:33,0
DA:36,0
DA:41,0
DA:42,0
DA:44,0
DA:58,0
DA:60,0
DA:61,0
DA:63,0
LF:13
LH:0
BRF:0
BRH:0
end_of_record
TN:
SF:src/utils/initialization/modLoadingUtils.js
FN:11,loadModsFromGameConfig
FNF:1
FNH:0
FNDA:0,loadModsFromGameConfig
DA:16,0
DA:18,0
DA:19,0
DA:20,0
DA:25,0
DA:26,0
DA:28,0
DA:33,0
DA:35,0
DA:38,0
DA:40,0
DA:42,0
DA:43,0
LF:13
LH:0
BRDA:14,0,0,0
BRDA:19,1,0,0
BRDA:19,1,1,0
BRDA:26,2,0,0
BRDA:26,2,1,0
BRF:5
BRH:0
end_of_record
TN:
SF:src/validation/ajvSchemaValidator.js
FN:68,(anonymous_0)
FN:97,(anonymous_1)
FN:126,(anonymous_2)
FN:178,(anonymous_3)
FN:242,(anonymous_4)
FN:302,(anonymous_5)
FN:338,(anonymous_6)
FN:375,(anonymous_7)
FN:413,(anonymous_8)
FN:443,(anonymous_9)
FN:494,(anonymous_10)
FN:532,(anonymous_11)
FN:555,(anonymous_12)
FN:600,(anonymous_13)
FN:626,(anonymous_14)
FNF:15
FNH:0
FNDA:0,(anonymous_0)
FNDA:0,(anonymous_1)
FNDA:0,(anonymous_2)
FNDA:0,(anonymous_3)
FNDA:0,(anonymous_4)
FNDA:0,(anonymous_5)
FNDA:0,(anonymous_6)
FNDA:0,(anonymous_7)
FNDA:0,(anonymous_8)
FNDA:0,(anonymous_9)
FNDA:0,(anonymous_10)
FNDA:0,(anonymous_11)
FNDA:0,(anonymous_12)
FNDA:0,(anonymous_13)
FNDA:0,(anonymous_14)
DA:38,0
DA:39,0
DA:51,0
DA:52,0
DA:56,0
DA:69,0
DA:74,0
DA:75,0
DA:76,0
DA:79,0
DA:80,0
DA:83,0
DA:84,0
DA:85,0
DA:98,0
DA:99,0
DA:100,0
DA:101,0
DA:104,0
DA:105,0
DA:106,0
DA:107,0
DA:108,0
DA:110,0
DA:111,0
DA:113,0
DA:114,0
DA:115,0
DA:127,0
DA:134,0
DA:138,0
DA:140,0
DA:141,0
DA:142,0
DA:143,0
DA:145,0
DA:153,0
DA:154,0
DA:159,0
DA:160,0
DA:163,0
DA:167,0
DA:179,0
DA:180,0
DA:182,0
DA:185,0
DA:188,0
DA:190,0
DA:191,0
DA:192,0
DA:193,0
DA:196,0
DA:197,0
DA:198,0
DA:203,0
DA:204,0
DA:205,0
DA:209,0
DA:214,0
DA:221,0
DA:222,0
DA:227,0
DA:234,0
DA:243,0
DA:244,0
DA:246,0
DA:249,0
DA:253,0
DA:254,0
DA:256,0
DA:259,0
DA:262,0
DA:263,0
DA:264,0
DA:267,0
DA:270,0
DA:271,0
DA:273,0
DA:274,0
DA:277,0
DA:279,0
DA:282,0
DA:285,0
DA:292,0
DA:303,0
DA:304,0
DA:306,0
DA:307,0
DA:308,0
DA:311,0
DA:313,0
DA:314,0
DA:315,0
DA:316,0
DA:320,0
DA:325,0
DA:339,0
DA:340,0
DA:342,0
DA:345,0
DA:348,0
DA:349,0
DA:351,0
DA:354,0
DA:358,0
DA:359,0
DA:361,0
DA:368,0
DA:371,0
DA:372,0
DA:375,0
DA:376,0
DA:377,0
DA:378,0
DA:379,0
DA:384,0
DA:391,0
DA:414,0
DA:415,0
DA:416,0
DA:418,0
DA:421,0
DA:422,0
DA:423,0
DA:425,0
DA:432,0
DA:444,0
DA:445,0
DA:446,0
DA:448,0
DA:451,0
DA:465,0
DA:467,0
DA:468,0
DA:471,0
DA:484,0
DA:495,0
DA:496,0
DA:497,0
DA:499,0
DA:502,0
DA:503,0
DA:504,0
DA:505,0
DA:508,0
DA:512,0
DA:513,0
DA:515,0
DA:522,0
DA:533,0
DA:534,0
DA:537,0
DA:538,0
DA:539,0
DA:541,0
DA:545,0
DA:556,0
DA:557,0
DA:559,0
DA:562,0
DA:565,0
DA:567,0
DA:568,0
DA:569,0
DA:573,0
DA:577,0
DA:578,0
DA:583,0
DA:588,0
DA:601,0
DA:602,0
DA:609,0
DA:611,0
DA:615,0
DA:627,0
LF:175
LH:0
BRDA:38,0,0,0
BRDA:38,0,1,0
BRDA:51,1,0,0
BRDA:51,1,1,0
BRDA:51,2,0,0
BRDA:51,2,1,0
BRDA:51,2,2,0
BRDA:69,3,0,0
BRDA:69,3,1,0
BRDA:70,4,0,0
BRDA:70,4,1,0
BRDA:70,4,2,0
BRDA:83,5,0,0
BRDA:83,5,1,0
BRDA:98,6,0,0
BRDA:98,6,1,0
BRDA:98,7,0,0
BRDA:98,7,1,0
BRDA:105,8,0,0
BRDA:105,8,1,0
BRDA:105,9,0,0
BRDA:105,9,1,0
BRDA:111,10,0,0
BRDA:111,10,1,0
BRDA:127,11,0,0
BRDA:127,11,1,0
BRDA:128,12,0,0
BRDA:128,12,1,0
BRDA:128,12,2,0
BRDA:128,12,3,0
BRDA:128,12,4,0
BRDA:141,13,0,0
BRDA:141,13,1,0
BRDA:159,14,0,0
BRDA:159,14,1,0
BRDA:190,15,0,0
BRDA:190,15,1,0
BRDA:204,16,0,0
BRDA:204,16,1,0
BRDA:215,17,0,0
BRDA:215,17,1,0
BRDA:221,18,0,0
BRDA:221,18,1,0
BRDA:221,19,0,0
BRDA:221,19,1,0
BRDA:221,19,2,0
BRDA:227,20,0,0
BRDA:227,20,1,0
BRDA:263,21,0,0
BRDA:263,21,1,0
BRDA:273,22,0,0
BRDA:273,22,1,0
BRDA:286,23,0,0
BRDA:286,23,1,0
BRDA:303,24,0,0
BRDA:303,24,1,0
BRDA:307,25,0,0
BRDA:307,25,1,0
BRDA:307,26,0,0
BRDA:307,26,1,0
BRDA:307,26,2,0
BRDA:314,27,0,0
BRDA:314,27,1,0
BRDA:326,28,0,0
BRDA:326,28,1,0
BRDA:362,29,0,0
BRDA:362,29,1,0
BRDA:371,30,0,0
BRDA:371,30,1,0
BRDA:381,31,0,0
BRDA:381,31,1,0
BRDA:381,32,0,0
BRDA:381,32,1,0
BRDA:385,33,0,0
BRDA:385,33,1,0
BRDA:399,34,0,0
BRDA:399,34,1,0
BRDA:426,35,0,0
BRDA:426,35,1,0
BRDA:467,36,0,0
BRDA:467,36,1,0
BRDA:504,37,0,0
BRDA:504,37,1,0
BRDA:516,38,0,0
BRDA:516,38,1,0
BRDA:533,39,0,0
BRDA:533,39,1,0
BRDA:538,40,0,0
BRDA:538,40,1,0
BRDA:574,41,0,0
BRDA:574,41,1,0
BRDA:577,42,0,0
BRDA:577,42,1,0
BRDA:577,43,0,0
BRDA:577,43,1,0
BRDA:577,43,2,0
BRDA:583,44,0,0
BRDA:583,44,1,0
BRDA:600,45,0,0
BRF:99
BRH:0
end_of_record
TN:
SF:src/validation/gameStateValidationServiceForPrompting.js
FN:29,(anonymous_0)
FN:56,(anonymous_1)
FN:86,(anonymous_2)
FNF:3
FNH:0
FNDA:0,(anonymous_0)
FNDA:0,(anonymous_1)
FNDA:0,(anonymous_2)
DA:30,0
DA:32,0
DA:33,0
DA:37,0
DA:38,0
DA:42,0
DA:46,0
DA:47,0
DA:57,0
DA:58,0
DA:64,0
DA:65,0
DA:69,0
DA:70,0
DA:75,0
DA:87,0
DA:88,0
DA:89,0
DA:95,0
LF:19
LH:0
BRDA:32,0,0,0
BRDA:32,0,1,0
BRDA:38,1,0,0
BRDA:38,1,1,0
BRDA:39,2,0,0
BRDA:39,2,1,0
BRDA:57,3,0,0
BRDA:57,3,1,0
BRDA:64,4,0,0
BRDA:64,4,1,0
BRDA:69,5,0,0
BRDA:69,5,1,0
BRDA:88,6,0,0
BRDA:88,6,1,0
BRF:14
BRH:0
end_of_record
TN:
SF:src/validation/llmConfigSemanticValidator.js
FN:48,addSemanticError
FN:70,performSemanticValidations
FN:125,(anonymous_2)
FN:133,(anonymous_3)
FNF:4
FNH:0
FNDA:0,addSemanticError
FNDA:0,performSemanticValidations
FNDA:0,(anonymous_2)
FNDA:0,(anonymous_3)
DA:27,0
DA:52,0
DA:71,0
DA:73,0
DA:78,0
DA:84,0
DA:87,0
DA:88,0
DA:89,0
DA:91,0
DA:92,0
DA:98,0
DA:105,0
DA:108,0
DA:114,0
DA:115,0
DA:124,0
DA:125,0
DA:126,0
DA:127,0
DA:133,0
DA:134,0
DA:135,0
DA:147,0
DA:148,0
DA:165,0
LF:26
LH:0
BRDA:50,0,0,0
BRDA:73,1,0,0
BRDA:73,1,1,0
BRDA:74,2,0,0
BRDA:74,2,1,0
BRDA:74,2,2,0
BRDA:88,3,0,0
BRDA:88,3,1,0
BRDA:91,4,0,0
BRDA:91,4,1,0
BRDA:91,5,0,0
BRDA:91,5,1,0
BRDA:105,6,0,0
BRDA:105,6,1,0
BRDA:108,7,0,0
BRDA:108,7,1,0
BRDA:114,8,0,0
BRDA:114,8,1,0
BRDA:114,9,0,0
BRDA:114,9,1,0
BRDA:126,10,0,0
BRDA:126,10,1,0
BRDA:126,11,0,0
BRDA:126,11,1,0
BRDA:134,12,0,0
BRDA:134,12,1,0
BRDA:147,13,0,0
BRDA:147,13,1,0
BRF:28
BRH:0
end_of_record
